T1BF18 000:000.769   SEGGER J-Link V8.12f Log File
T1BF18 000:000.898   DLL Compiled: Feb 12 2025 13:34:40
T1BF18 000:000.918   Logging started @ 2025-09-09 00:21
T1BF18 000:000.939   Process: C:\Users\jonku\.eclipse\com.renesas.platform_888260279\DebugComp\RA\e2-server-gdb.exe
T1BF18 000:000.961 - 0.957ms 
T1BF18 000:000.985 JLINK_GetDLLVersion()
T1BF18 000:001.004 - 0.019ms returns 81206
T1BF18 000:072.937 JLINK_OpenEx(...)
T1BF18 000:075.539   Looking for J-Link GUI Server exe at: C:\Users\jonku\.eclipse\com.renesas.platform_888260279\DebugComp\RA\ARM\Segger_v8.12.6\JLinkGUIServer.exe
T1BF18 000:075.660   Looking for J-Link GUI Server exe at: C:\Program Files\SEGGER\JLink_V842\JLinkGUIServer.exe
T1BF18 000:075.718   Forking J-Link GUI Server: C:\Program Files\SEGGER\JLink_V842\JLinkGUIServer.exe
T1BF18 000:290.352   J-Link GUI Server info: "J-Link GUI server V8.42 "
T1BF18 002:785.342   Firmware: J-Link OB-S124 compiled Sep 26 2024 19:38:01
T1BF18 002:786.503   Firmware: J-Link OB-S124 compiled Sep 26 2024 19:38:01
T1BF18 002:818.034   Hardware: V1.00
T1BF18 002:818.063   S/N: 831091829
T1BF18 002:818.072   OEM: SEGGER
T1BF18 002:818.081   Feature(s): None
T1BF18 002:819.650   Bootloader: 2019 Oct 15
T1BF18 002:820.752   USB speed mode: Full speed (12 MBit/s)
T1BF18 002:821.673   TELNET listener socket opened on port 19021
T1BF18 002:821.830   WEBSRV WEBSRV_Init(): Starting webserver thread(s)
T1BF18 002:821.953   WEBSRV Webserver running on local port 19080
T1BF18 002:823.404 - 2750.462ms returns "O.K."
T1BF18 002:823.988 JLINK_ExecCommand("ProjectFile=C:\repos\Ra6m4_dsps_OTA\MCUboot_Encryption_QSPI\ra_mcuboot_ra6m4_swap_enc_qspi/ra_mcuboot_ra6m4_swap_enc_qspi Debug_Flat.jlink", ...). 
T1BF18 002:954.833 - 130.852ms returns 0x00
T1BF18 002:966.766 JLINK_ExecCommand("device=R7FA6M4AF", ...). 
T1BF18 002:967.875   Flash bank @ 0x0100A100: SFL: Parsing sectorization info from ELF file
T1BF18 002:967.902     FlashDevice.SectorInfo[0]: .SectorSize = 0x00000010, .SectorStartAddr = 0x00000000
T1BF18 002:967.911   FlashBank @0x0100A100: Sectorization info from SFL ELF file ignored because sectorization override from DLL / XML file is active.
T1BF18 002:969.689   Flash bank @ 0x60000000: SFL: Parsing sectorization info from ELF file
T1BF18 002:969.705     FlashDevice.SectorInfo[0]: .SectorSize = 0x00010000, .SectorStartAddr = 0x00000000
T1BF18 002:974.165   Device "R7FA6M4AF" selected.
T1BF18 002:974.674 - 7.888ms returns 0x00
T1BF18 002:974.690 JLINK_TIF_GetAvailable(...)
T1BF18 002:975.074 - 0.383ms 
T1BF18 002:975.094 JLINK_TIF_Select(JLINKARM_TIF_SWD)
T1BF18 002:976.289 - 1.194ms returns 0x00
T1BF18 002:976.322 JLINK_SetSpeed(4000)
T1BF18 002:976.656 - 0.342ms 
T1BF18 002:976.866 JLINK_ReadMem(0xE000EDF0, 0x4 Bytes, ...)
T1BF18 002:977.318   ConfigTargetSettings() start
T1BF18 002:977.343    J-Link Script File: Executing ConfigTargetSettings()
T1BF18 002:977.364   Configuring FlashDLNoRMWThreshold=0x200 in order to make sure that option bytes programming is done via read-modify-write
T1BF18 003:025.680   ConfigTargetSettings() end - Took 48.3ms
T1BF18 003:025.699   InitTarget() start
T1BF18 003:025.707    J-Link Script File: Executing InitTarget()
T1BF18 003:025.715   SWD selected. Executing JTAG -> SWD switching sequence.
T1BF18 003:029.230   DAP initialized successfully.
T1BF18 003:029.244   Determining TrustZone configuration...
T1BF18 003:031.330     Secure Debug: Enabled (SSD)
T1BF18 003:031.342   Determining currently configured transfer type by reading the AHB-AP CSW register.
T1BF18 003:032.898     --> Correct transfer type configured. Done.
T1BF18 003:032.922   InitTarget() end - Took 7.21ms
T1BF18 003:034.002   Found SW-DP with ID 0x6BA02477
T1BF18 003:038.840   DPIDR: 0x6BA02477
T1BF18 003:038.853   CoreSight SoC-400 or earlier
T1BF18 003:038.865   Scanning AP map to find all available APs
T1BF18 003:040.765   AP[2]: Stopped AP scan as end of AP map has been reached
T1BF18 003:040.780   AP[0]: AHB-AP (IDR: 0x84770001, ADDR: 0x00000000)
T1BF18 003:040.788   AP[1]: APB-AP (IDR: 0x54770002, ADDR: 0x01000000)
T1BF18 003:040.830   Iterating through AP map to find AHB-AP to use
T1BF18 003:042.477   AP[0]: Core found
T1BF18 003:042.492   AP[0]: AHB-AP ROM base: 0xE00FE000
T1BF18 003:043.462   CPUID register: 0x410FD214. Implementer code: 0x41 (ARM)
T1BF18 003:043.475   Feature set: Mainline
T1BF18 003:044.265   Cache: No cache
T1BF18 003:044.436   Found Cortex-M33 r0p4, Little endian.
T1BF18 003:045.084   -- Max. mem block: 0x00001B00
T1BF18 003:047.360   CPU_ReadMem(4 bytes @ 0xE000EDF0)
T1BF18 003:048.294   CPU_WriteMem(4 bytes @ 0xE000EDF0)
T1BF18 003:048.928   CPU_ReadMem(4 bytes @ 0xE0002000)
T1BF18 003:049.461   FPUnit: 8 code (BP) slots and 0 literal slots
T1BF18 003:049.471   CPU_ReadMem(4 bytes @ 0xE000EDFC)
T1BF18 003:050.095   CPU_WriteMem(4 bytes @ 0xE000EDFC)
T1BF18 003:050.772   CPU_ReadMem(4 bytes @ 0xE0001000)
T1BF18 003:051.303   CPU_ReadMem(4 bytes @ 0xE0001000)
T1BF18 003:051.884   CPU_ReadMem(4 bytes @ 0xE0001028)
T1BF18 003:052.444   CPU_ReadMem(4 bytes @ 0xE0001038)
T1BF18 003:053.097   CPU_ReadMem(4 bytes @ 0xE0001048)
T1BF18 003:053.760   CPU_ReadMem(4 bytes @ 0xE0001058)
T1BF18 003:054.340   CPU_WriteMem(4 bytes @ 0xE0001000)
T1BF18 003:055.021   CPU_ReadMem(4 bytes @ 0xE000ED88)
T1BF18 003:055.580   CPU_WriteMem(4 bytes @ 0xE000ED88)
T1BF18 003:056.274   CPU_ReadMem(4 bytes @ 0xE000ED88)
T1BF18 003:056.868   CPU_WriteMem(4 bytes @ 0xE000ED88)
T1BF18 003:057.535   CPU_ReadMem(4 bytes @ 0xE000EFB8)
T1BF18 003:058.116   Security extension: implemented
T1BF18 003:058.126   Secure debug: enabled
T1BF18 003:058.136   CoreSight components:
T1BF18 003:058.145   ROMTbl[0] @ E00FE000
T1BF18 003:058.155   CPU_ReadMem(64 bytes @ 0xE00FE000)
T1BF18 003:059.516   CPU_ReadMem(32 bytes @ 0xE0044FE0)
T1BF18 003:060.571   CPU_ReadMem(4 bytes @ 0xE0044FBC)
T1BF18 003:061.205   CPU_ReadMem(4 bytes @ 0xE0044FCC)
T1BF18 003:061.845   [0][0]: E0044000 CID B105900D PID 005BB906 DEVARCH 00000000 DEVTYPE 14 CTI (?)
T1BF18 003:061.854   CPU_ReadMem(32 bytes @ 0xE0047FE0)
T1BF18 003:062.839   CPU_ReadMem(4 bytes @ 0xE0047FBC)
T1BF18 003:063.419   CPU_ReadMem(4 bytes @ 0xE0047FCC)
T1BF18 003:064.001   [0][1]: E0047000 CID B105900D PID 003BB908 DEVARCH 00000000 DEVTYPE 12 CSTF
T1BF18 003:064.010   CPU_ReadMem(32 bytes @ 0xE0048FE0)
T1BF18 003:064.949   CPU_ReadMem(4 bytes @ 0xE0048FBC)
T1BF18 003:065.602   CPU_ReadMem(4 bytes @ 0xE0048FCC)
T1BF18 003:066.234   [0][2]: E0048000 CID B105900D PID 001BB961 DEVARCH 00000000 DEVTYPE 21 TMC
T1BF18 003:066.245   CPU_ReadMem(32 bytes @ 0xE0049FE0)
T1BF18 003:067.206   [0][3]: E0049000 CID B105F00D PID 001BB101 TSG
T1BF18 003:067.218   CPU_ReadMem(32 bytes @ 0xE0040FE0)
T1BF18 003:068.197   CPU_ReadMem(4 bytes @ 0xE0040FBC)
T1BF18 003:068.840   CPU_ReadMem(4 bytes @ 0xE0040FCC)
T1BF18 003:069.395   [0][4]: E0040000 CID B105900D PID 000BBD21 DEVARCH 00000000 DEVTYPE 11 TPIU
T1BF18 003:069.411   CPU_ReadMem(32 bytes @ 0xE00FFFE0)
T1BF18 003:070.354   [0][5]: E00FF000 CID B105100D PID 000BB4C9 ROM Table
T1BF18 003:070.370   ROMTbl[1] @ E00FF000
T1BF18 003:070.379   CPU_ReadMem(64 bytes @ 0xE00FF000)
T1BF18 003:071.837   CPU_ReadMem(32 bytes @ 0xE000EFE0)
T1BF18 003:072.778   CPU_ReadMem(4 bytes @ 0xE000EFBC)
T1BF18 003:073.396   CPU_ReadMem(4 bytes @ 0xE000EFCC)
T1BF18 003:073.975   [1][0]: E000E000 CID B105900D PID 000BBD21 DEVARCH 47702A04 DEVTYPE 00 Cortex-M33
T1BF18 003:073.985   CPU_ReadMem(32 bytes @ 0xE0001FE0)
T1BF18 003:074.950   CPU_ReadMem(4 bytes @ 0xE0001FBC)
T1BF18 003:075.545   CPU_ReadMem(4 bytes @ 0xE0001FCC)
T1BF18 003:076.123   [1][1]: E0001000 CID B105900D PID 000BBD21 DEVARCH 47701A02 DEVTYPE 00 DWT
T1BF18 003:076.135   CPU_ReadMem(32 bytes @ 0xE0002FE0)
T1BF18 003:077.081   CPU_ReadMem(4 bytes @ 0xE0002FBC)
T1BF18 003:077.757   CPU_ReadMem(4 bytes @ 0xE0002FCC)
T1BF18 003:078.393   [1][2]: E0002000 CID B105900D PID 000BBD21 DEVARCH 47701A03 DEVTYPE 00 FPB
T1BF18 003:078.403   CPU_ReadMem(32 bytes @ 0xE0000FE0)
T1BF18 003:079.335   CPU_ReadMem(4 bytes @ 0xE0000FBC)
T1BF18 003:079.958   CPU_ReadMem(4 bytes @ 0xE0000FCC)
T1BF18 003:080.544   [1][3]: E0000000 CID B105900D PID 000BBD21 DEVARCH 47701A01 DEVTYPE 43 ITM
T1BF18 003:080.554   CPU_ReadMem(32 bytes @ 0xE0041FE0)
T1BF18 003:081.564   CPU_ReadMem(4 bytes @ 0xE0041FBC)
T1BF18 003:082.229   CPU_ReadMem(4 bytes @ 0xE0041FCC)
T1BF18 003:082.845   [1][5]: E0041000 CID B105900D PID 002BBD21 DEVARCH 47724A13 DEVTYPE 13 ETM
T1BF18 003:082.854   CPU_ReadMem(32 bytes @ 0xE0042FE0)
T1BF18 003:083.840   CPU_ReadMem(4 bytes @ 0xE0042FBC)
T1BF18 003:084.470   CPU_ReadMem(4 bytes @ 0xE0042FCC)
T1BF18 003:085.033   [1][6]: E0042000 CID B105900D PID 000BBD21 DEVARCH 47701A14 DEVTYPE 14 CSS600-CTI
T1BF18 003:085.374   CPU_ReadMem(4 bytes @ 0xE000EDF0)
T1BF18 003:085.948   Data:  01 00 18 00
T1BF18 003:085.959   Debug reg: DHCSR
T1BF18 003:085.968 - 109.101ms returns 0
T1BF18 003:085.983 JLINK_ReadMem(0x400E002C, 0x4 Bytes, ...)
T1BF18 003:085.991   CPU_ReadMem(4 bytes @ 0x400E002C)
T1BF18 003:086.526   Data:  02 00 00 00
T1BF18 003:086.536 - 0.553ms returns 0
T1BF18 003:086.736 JLINK_ReadMem(0xE000EDF0, 0x4 Bytes, ...)
T1BF18 003:086.745   CPU_ReadMem(4 bytes @ 0xE000EDF0)
T1BF18 003:087.330   Data:  01 00 18 00
T1BF18 003:087.341   Debug reg: DHCSR
T1BF18 003:087.349 - 0.613ms returns 0
T1BF18 003:087.375 JLINK_ReadMem(0xE000EDF0, 0x4 Bytes, ...)
T1BF18 003:087.382   CPU_ReadMem(4 bytes @ 0xE000EDF0)
T1BF18 003:088.023   Data:  01 00 18 00
T1BF18 003:088.032   Debug reg: DHCSR
T1BF18 003:088.040 - 0.666ms returns 0
T1BF18 003:088.048 JLINK_ReadMem(0x400E002C, 0x4 Bytes, ...)
T1BF18 003:088.055   CPU_ReadMem(4 bytes @ 0x400E002C)
T1BF18 003:088.636   Data:  02 00 00 00
T1BF18 003:088.646 - 0.598ms returns 0
T1BF18 003:088.655 JLINK_ReadMem(0xE000EDF0, 0x4 Bytes, ...)
T1BF18 003:088.662   CPU_ReadMem(4 bytes @ 0xE000EDF0)
T1BF18 003:089.232   Data:  01 00 18 00
T1BF18 003:089.242   Debug reg: DHCSR
T1BF18 003:089.250 - 0.594ms returns 0
T1BF18 003:089.257 JLINK_ReadMem(0x400E002C, 0x4 Bytes, ...)
T1BF18 003:089.264   CPU_ReadMem(4 bytes @ 0x400E002C)
T1BF18 003:089.845   Data:  02 00 00 00
T1BF18 003:089.855 - 0.597ms returns 0
T1BF18 003:089.863 JLINK_ReadMem(0xE000EDF0, 0x4 Bytes, ...)
T1BF18 003:089.870   CPU_ReadMem(4 bytes @ 0xE000EDF0)
T1BF18 003:090.472   Data:  01 00 18 00
T1BF18 003:090.482   Debug reg: DHCSR
T1BF18 003:090.490 - 0.626ms returns 0
T1BF18 003:090.497 JLINK_ReadMem(0x400E002C, 0x4 Bytes, ...)
T1BF18 003:090.504   CPU_ReadMem(4 bytes @ 0x400E002C)
T1BF18 003:091.099   Data:  02 00 00 00
T1BF18 003:091.115 - 0.618ms returns 0
T1BF18 003:091.425 JLINK_ReadMem(0xE000EDF0, 0x4 Bytes, ...)
T1BF18 003:091.443   CPU_ReadMem(4 bytes @ 0xE000EDF0)
T1BF18 003:092.098   Data:  01 00 18 00
T1BF18 003:092.112   Debug reg: DHCSR
T1BF18 003:092.121 - 0.695ms returns 0
T1BF18 003:092.130 JLINK_ReadMem(0x400E001C, 0x4 Bytes, ...)
T1BF18 003:092.139   CPU_ReadMem(4 bytes @ 0x400E001C)
T1BF18 003:092.756   Data:  00 80 0F 00
T1BF18 003:092.766 - 0.636ms returns 0
T1BF18 003:092.776 JLINK_ReadMem(0xE000EDF0, 0x4 Bytes, ...)
T1BF18 003:092.783   CPU_ReadMem(4 bytes @ 0xE000EDF0)
T1BF18 003:093.402   Data:  01 00 18 00
T1BF18 003:093.414   Debug reg: DHCSR
T1BF18 003:093.422 - 0.645ms returns 0
T1BF18 003:093.430 JLINK_ReadMem(0x400E0018, 0x4 Bytes, ...)
T1BF18 003:093.438   CPU_ReadMem(4 bytes @ 0x400E0018)
T1BF18 003:094.016   Data:  00 80 0F 00
T1BF18 003:094.025 - 0.595ms returns 0
T1BF18 003:094.036 JLINK_ReadMem(0xE000EDF0, 0x4 Bytes, ...)
T1BF18 003:094.043   CPU_ReadMem(4 bytes @ 0xE000EDF0)
T1BF18 003:094.635   Data:  01 00 18 00
T1BF18 003:094.644   Debug reg: DHCSR
T1BF18 003:094.652 - 0.616ms returns 0
T1BF18 003:094.659 JLINK_ReadMem(0x400E0020, 0x4 Bytes, ...)
T1BF18 003:094.666   CPU_ReadMem(4 bytes @ 0x400E0020)
T1BF18 003:095.234   Data:  00 00 00 00
T1BF18 003:095.245 - 0.585ms returns 0
T1BF18 003:095.255 JLINK_ReadMem(0xE000EDF0, 0x4 Bytes, ...)
T1BF18 003:095.262   CPU_ReadMem(4 bytes @ 0xE000EDF0)
T1BF18 003:095.792   Data:  01 00 18 00
T1BF18 003:095.802   Debug reg: DHCSR
T1BF18 003:095.871 - 0.616ms returns 0
T1BF18 003:095.879 JLINK_ReadMem(0x400E0028, 0x4 Bytes, ...)
T1BF18 003:095.887   CPU_ReadMem(4 bytes @ 0x400E0028)
T1BF18 003:096.479   Data:  00 00 04 00
T1BF18 003:096.489 - 0.609ms returns 0
T1BF18 003:096.498 JLINK_ReadMem(0xE000EDF0, 0x4 Bytes, ...)
T1BF18 003:096.505   CPU_ReadMem(4 bytes @ 0xE000EDF0)
T1BF18 003:097.089   Data:  01 00 18 00
T1BF18 003:097.098   Debug reg: DHCSR
T1BF18 003:097.106 - 0.608ms returns 0
T1BF18 003:097.114 JLINK_ReadMem(0x400E0024, 0x4 Bytes, ...)
T1BF18 003:097.121   CPU_ReadMem(4 bytes @ 0x400E0024)
T1BF18 003:097.755   Data:  00 00 04 00
T1BF18 003:097.764 - 0.650ms returns 0
T1BF18 003:098.155 JLINK_TIF_GetAvailable(...)
T1BF18 003:098.427 - 0.271ms 
T1BF18 003:098.436 JLINK_TIF_Select(JLINKARM_TIF_SWD)
T1BF18 003:098.442 - 0.005ms returns 0x00
T1BF18 003:098.448 JLINK_SetSpeed(4000)
T1BF18 003:098.794 - 0.346ms 
T1BF18 003:098.802 JLINK_SetEndian(ARM_ENDIAN_LITTLE)
T1BF18 003:098.808 - 0.005ms returns 0
T1BF18 003:098.821 JLINK_SetInitRegsOnReset(OFF)
T1BF18 003:098.827 - 0.012ms returns 1
T1BF18 003:098.833 JLINK_SetResetType(JLINKARM_CM3_RESET_TYPE_CONNECT_UNDER_RESET)
T1BF18 003:098.840 - 0.006ms returns JLINKARM_CM3_RESET_TYPE_NORMAL
T1BF18 003:098.847 JLINK_ExecCommand("EnableFlashBPs", ...). 
T1BF18 003:098.857 - 0.002ms returns 0x00
T1BF18 003:098.865 JLINK_ExecCommand("SetAllowFlashCache = 1", ...). 
T1BF18 003:098.873 - 0.000ms returns 0x01
T1BF18 003:098.880 JLINK_ExecCommand("SetRestartOnClose = 0", ...). 
T1BF18 003:098.888 - 0.001ms returns 0x01
T1BF18 003:098.895 JLINK_ExecCommand("SetAllowSimulation = 0", ...). 
T1BF18 003:098.903 - 0.001ms returns 0x01
T1BF18 003:098.909 JLINK_EnableSoftBPs(ON)
T1BF18 003:098.915 - 0.005ms 
T1BF18 003:098.923 JLINK_Connect()
T1BF18 003:099.275   ConfigTargetSettings() start
T1BF18 003:099.286    J-Link Script File: Executing ConfigTargetSettings()
T1BF18 003:099.292   Configuring FlashDLNoRMWThreshold=0x200 in order to make sure that option bytes programming is done via read-modify-write
T1BF18 003:180.772   ConfigTargetSettings() end - Took 81.4ms
T1BF18 003:180.790   InitTarget() start
T1BF18 003:180.799    J-Link Script File: Executing InitTarget()
T1BF18 003:180.807   SWD selected. Executing JTAG -> SWD switching sequence.
T1BF18 003:184.218   DAP initialized successfully.
T1BF18 003:184.229   Determining TrustZone configuration...
T1BF18 003:186.264     Secure Debug: Enabled (SSD)
T1BF18 003:186.273   Determining currently configured transfer type by reading the AHB-AP CSW register.
T1BF18 003:187.774     --> Correct transfer type configured. Done.
T1BF18 003:187.800   InitTarget() end - Took 6.99ms
T1BF18 003:188.779   Found SW-DP with ID 0x6BA02477
T1BF18 003:192.540   DPIDR: 0x6BA02477
T1BF18 003:192.553   CoreSight SoC-400 or earlier
T1BF18 003:192.563   AP map detection skipped. Manually configured AP map found.
T1BF18 003:192.572   AP[0]: AHB-AP (IDR: Not set, ADDR: 0x00000000)
T1BF18 003:195.362   AP[0]: Core found
T1BF18 003:195.377   AP[0]: AHB-AP ROM base: 0xE00FE000
T1BF18 003:196.163   CPUID register: 0x410FD214. Implementer code: 0x41 (ARM)
T1BF18 003:196.184   Feature set: Mainline
T1BF18 003:197.034   Cache: No cache
T1BF18 003:197.045   Found Cortex-M33 r0p4, Little endian.
T1BF18 003:197.291   -- Max. mem block: 0x00001890
T1BF18 003:197.307   CPU_ReadMem(4 bytes @ 0xE000EDF0)
T1BF18 003:197.892   CPU_ReadMem(4 bytes @ 0xE0002000)
T1BF18 003:198.474   FPUnit: 8 code (BP) slots and 0 literal slots
T1BF18 003:198.488   CPU_ReadMem(4 bytes @ 0xE000EDFC)
T1BF18 003:199.097   CPU_ReadMem(4 bytes @ 0xE0001000)
T1BF18 003:199.757   CPU_ReadMem(4 bytes @ 0xE0001000)
T1BF18 003:200.347   CPU_ReadMem(4 bytes @ 0xE0001028)
T1BF18 003:200.975   CPU_ReadMem(4 bytes @ 0xE0001038)
T1BF18 003:201.587   CPU_ReadMem(4 bytes @ 0xE0001048)
T1BF18 003:202.207   CPU_ReadMem(4 bytes @ 0xE0001058)
T1BF18 003:202.828   CPU_WriteMem(4 bytes @ 0xE0001000)
T1BF18 003:203.524   CPU_ReadMem(4 bytes @ 0xE000ED88)
T1BF18 003:204.118   CPU_WriteMem(4 bytes @ 0xE000ED88)
T1BF18 003:204.771   CPU_ReadMem(4 bytes @ 0xE000ED88)
T1BF18 003:205.348   CPU_WriteMem(4 bytes @ 0xE000ED88)
T1BF18 003:205.980   CPU_ReadMem(4 bytes @ 0xE000EFB8)
T1BF18 003:206.534   Security extension: implemented
T1BF18 003:206.544   Secure debug: enabled
T1BF18 003:206.552   CoreSight components:
T1BF18 003:206.560   ROMTbl[0] @ E00FE000
T1BF18 003:206.569   CPU_ReadMem(64 bytes @ 0xE00FE000)
T1BF18 003:207.977   CPU_ReadMem(32 bytes @ 0xE0044FE0)
T1BF18 003:208.963   CPU_ReadMem(4 bytes @ 0xE0044FBC)
T1BF18 003:209.597   CPU_ReadMem(4 bytes @ 0xE0044FCC)
T1BF18 003:210.206   [0][0]: E0044000 CID B105900D PID 005BB906 DEVARCH 00000000 DEVTYPE 14 CTI (?)
T1BF18 003:210.216   CPU_ReadMem(32 bytes @ 0xE0047FE0)
T1BF18 003:211.201   CPU_ReadMem(4 bytes @ 0xE0047FBC)
T1BF18 003:211.856   CPU_ReadMem(4 bytes @ 0xE0047FCC)
T1BF18 003:213.494   [0][1]: E0047000 CID B105900D PID 003BB908 DEVARCH 00000000 DEVTYPE 12 CSTF
T1BF18 003:213.506   CPU_ReadMem(32 bytes @ 0xE0048FE0)
T1BF18 003:214.385   CPU_ReadMem(4 bytes @ 0xE0048FBC)
T1BF18 003:214.973   CPU_ReadMem(4 bytes @ 0xE0048FCC)
T1BF18 003:215.579   [0][2]: E0048000 CID B105900D PID 001BB961 DEVARCH 00000000 DEVTYPE 21 TMC
T1BF18 003:215.589   CPU_ReadMem(32 bytes @ 0xE0049FE0)
T1BF18 003:216.582   [0][3]: E0049000 CID B105F00D PID 001BB101 TSG
T1BF18 003:216.592   CPU_ReadMem(32 bytes @ 0xE0040FE0)
T1BF18 003:217.581   CPU_ReadMem(4 bytes @ 0xE0040FBC)
T1BF18 003:218.232   CPU_ReadMem(4 bytes @ 0xE0040FCC)
T1BF18 003:218.846   [0][4]: E0040000 CID B105900D PID 000BBD21 DEVARCH 00000000 DEVTYPE 11 TPIU
T1BF18 003:218.856   CPU_ReadMem(32 bytes @ 0xE00FFFE0)
T1BF18 003:219.841   [0][5]: E00FF000 CID B105100D PID 000BB4C9 ROM Table
T1BF18 003:219.850   ROMTbl[1] @ E00FF000
T1BF18 003:219.859   CPU_ReadMem(64 bytes @ 0xE00FF000)
T1BF18 003:221.272   CPU_ReadMem(32 bytes @ 0xE000EFE0)
T1BF18 003:222.236   CPU_ReadMem(4 bytes @ 0xE000EFBC)
T1BF18 003:222.887   CPU_ReadMem(4 bytes @ 0xE000EFCC)
T1BF18 003:223.477   [1][0]: E000E000 CID B105900D PID 000BBD21 DEVARCH 47702A04 DEVTYPE 00 Cortex-M33
T1BF18 003:223.493   CPU_ReadMem(32 bytes @ 0xE0001FE0)
T1BF18 003:224.487   CPU_ReadMem(4 bytes @ 0xE0001FBC)
T1BF18 003:225.092   CPU_ReadMem(4 bytes @ 0xE0001FCC)
T1BF18 003:225.760   [1][1]: E0001000 CID B105900D PID 000BBD21 DEVARCH 47701A02 DEVTYPE 00 DWT
T1BF18 003:225.770   CPU_ReadMem(32 bytes @ 0xE0002FE0)
T1BF18 003:226.782   CPU_ReadMem(4 bytes @ 0xE0002FBC)
T1BF18 003:227.423   CPU_ReadMem(4 bytes @ 0xE0002FCC)
T1BF18 003:228.018   [1][2]: E0002000 CID B105900D PID 000BBD21 DEVARCH 47701A03 DEVTYPE 00 FPB
T1BF18 003:228.028   CPU_ReadMem(32 bytes @ 0xE0000FE0)
T1BF18 003:229.007   CPU_ReadMem(4 bytes @ 0xE0000FBC)
T1BF18 003:229.681   CPU_ReadMem(4 bytes @ 0xE0000FCC)
T1BF18 003:230.233   [1][3]: E0000000 CID B105900D PID 000BBD21 DEVARCH 47701A01 DEVTYPE 43 ITM
T1BF18 003:230.243   CPU_ReadMem(32 bytes @ 0xE0041FE0)
T1BF18 003:231.209   CPU_ReadMem(4 bytes @ 0xE0041FBC)
T1BF18 003:231.803   CPU_ReadMem(4 bytes @ 0xE0041FCC)
T1BF18 003:232.376   [1][5]: E0041000 CID B105900D PID 002BBD21 DEVARCH 47724A13 DEVTYPE 13 ETM
T1BF18 003:232.387   CPU_ReadMem(32 bytes @ 0xE0042FE0)
T1BF18 003:233.334   CPU_ReadMem(4 bytes @ 0xE0042FBC)
T1BF18 003:233.905   CPU_ReadMem(4 bytes @ 0xE0042FCC)
T1BF18 003:234.500   [1][6]: E0042000 CID B105900D PID 000BBD21 DEVARCH 47701A14 DEVTYPE 14 CSS600-CTI
T1BF18 003:234.519 - 135.596ms returns 0x00
T1BF18 003:235.200 JLINK_Halt()
T1BF18 003:243.093 - 7.892ms returns 0x00
T1BF18 003:243.112 JLINK_IsHalted()
T1BF18 003:243.688 - 0.576ms returns TRUE
T1BF18 003:243.698 JLINK_ResetPullsRESET(ON)
T1BF18 003:243.704 - 0.006ms 
T1BF18 003:243.711 JLINK_Reset()
T1BF18 003:243.740   ResetTarget() start
T1BF18 003:243.750    J-Link Script File: Executing ResetTarget()
T1BF18 003:243.764   CPU_ReadMem(4 bytes @ 0xE000ED44)
T1BF18 003:244.359   CPU_ReadMem(4 bytes @ 0xE000EE08)
T1BF18 003:244.966   CPU_WriteMem(4 bytes @ 0xE000EE08)
T1BF18 003:245.656   CPU_ReadMem(4 bytes @ 0xE000EE08)
T1BF18 003:246.234   Reset: ARMv8M core with Security Extension enabled detected. Switch to secure domain.
T1BF18 003:246.243   Reset: Halt core after reset via DEMCR.VC_CORERESET.
T1BF18 003:246.255   CPU_WriteMem(4 bytes @ 0xE000EDF0)
T1BF18 003:246.839   CPU_WriteMem(4 bytes @ 0xE000EDFC)
T1BF18 003:247.939   Reset: Reset device via AIRCR.SYSRESETREQ.
T1BF18 003:247.952   CPU_WriteMem(4 bytes @ 0xE000ED0C)
T1BF18 003:299.964   CPU_ReadMem(4 bytes @ 0xE000EDF0)
T1BF18 003:300.633   CPU_ReadMem(4 bytes @ 0xE000EDF0)
T1BF18 003:301.351   CPU_WriteMem(4 bytes @ 0xE000EDFC)
T1BF18 003:302.027   ResetTarget() end - Took 58.2ms
T1BF18 003:302.038   Device specific reset executed.
T1BF18 003:308.887   CPU_WriteMem(4 bytes @ 0xE0002000)
T1BF18 003:309.537   CPU_ReadMem(4 bytes @ 0xE000EDFC)
T1BF18 003:310.138   CPU_ReadMem(4 bytes @ 0xE0001000)
T1BF18 003:310.761   CPU_ReadMem(4 bytes @ 0xE000EE08)
T1BF18 003:311.331 - 67.619ms 
T1BF18 003:311.398 JLINK_ReadMem(0xE000EDF0, 0x4 Bytes, ...)
T1BF18 003:311.409   CPU_ReadMem(4 bytes @ 0xE000EDF0)
T1BF18 003:312.035   Data:  03 00 13 00
T1BF18 003:312.046   Debug reg: DHCSR
T1BF18 003:312.054 - 0.656ms returns 0
T1BF18 003:312.068 JLINK_ReadMem(0x010080F0, 0x10 Bytes, ...)
T1BF18 003:312.076   CPU_ReadMem(16 bytes @ 0x010080F0)
T1BF18 003:312.874   Data:  52 37 46 41 36 4D 34 41 46 33 43 46 42 20 20 20
T1BF18 003:312.883 - 0.815ms returns 0
T1BF18 003:312.893 JLINK_IsHalted()
T1BF18 003:312.899 - 0.006ms returns TRUE
T1BF18 003:316.052 JLINK_ReadMem(0xE000EDF0, 0x4 Bytes, ...)
T1BF18 003:316.066   CPU_ReadMem(4 bytes @ 0xE000EDF0)
T1BF18 003:316.656   Data:  03 00 13 00
T1BF18 003:316.666   Debug reg: DHCSR
T1BF18 003:316.674 - 0.622ms returns 0
T1BF18 003:316.682 JLINK_ReadMem(0x400E002C, 0x4 Bytes, ...)
T1BF18 003:316.689   CPU_ReadMem(4 bytes @ 0x400E002C)
T1BF18 003:317.248   Data:  02 00 00 00
T1BF18 003:317.273 - 0.590ms returns 0
T1BF18 003:317.290 JLINK_MeasureCPUSpeed(RAMAddr = 0x20000000)
T1BF18 003:317.301   CPU_ReadMem(16 bytes @ 0x20000000)
T1BF18 003:318.042   CPU_ReadMem(4 bytes @ 0xE000EDFC)
T1BF18 003:318.682   CPU_ReadMem(4 bytes @ 0xE0001000)
T1BF18 003:319.268   CPU_ReadMem(6 bytes @ 0x20000000)
T1BF18 003:319.934   CPU_ReadMem(4 bytes @ 0xE000ED90)
T1BF18 003:320.484   CPU_ReadMem(4 bytes @ 0xE000ED94)
T1BF18 003:321.112   CPU_WriteMem(16 bytes @ 0x20000000)
T1BF18 003:321.887   CPU_WriteMem(6 bytes @ 0x20000000)
T1BF18 003:322.582   CPU_ReadMem(6 bytes @ 0x20000000)
T1BF18 003:323.317   CPU_ReadMem(4 bytes @ 0xE000EE08)
T1BF18 003:323.996   CPU_WriteMem(4 bytes @ 0xE0002008)
T1BF18 003:324.010   CPU_WriteMem(4 bytes @ 0xE000200C)
T1BF18 003:324.018   CPU_WriteMem(4 bytes @ 0xE0002010)
T1BF18 003:324.027   CPU_WriteMem(4 bytes @ 0xE0002014)
T1BF18 003:324.035   CPU_WriteMem(4 bytes @ 0xE0002018)
T1BF18 003:324.043   CPU_WriteMem(4 bytes @ 0xE000201C)
T1BF18 003:324.052   CPU_WriteMem(4 bytes @ 0xE0002020)
T1BF18 003:324.060   CPU_WriteMem(4 bytes @ 0xE0002024)
T1BF18 003:327.947   CPU_WriteMem(4 bytes @ 0xE0001004)
T1BF18 003:338.576   CPU_ReadMem(4 bytes @ 0xE0001004)
T1BF18 003:339.235   CPU_ReadMem(4 bytes @ 0xE000EE08)
T1BF18 003:339.857   CPU_WriteMem(4 bytes @ 0xE0002008)
T1BF18 003:340.527   CPU_WriteMem(4 bytes @ 0xE000200C)
T1BF18 003:341.160   CPU_WriteMem(4 bytes @ 0xE0002010)
T1BF18 003:341.801   CPU_WriteMem(4 bytes @ 0xE0002014)
T1BF18 003:342.437   CPU_WriteMem(4 bytes @ 0xE0002018)
T1BF18 003:343.098   CPU_WriteMem(4 bytes @ 0xE000201C)
T1BF18 003:343.783   CPU_WriteMem(4 bytes @ 0xE0002020)
T1BF18 003:344.426   CPU_WriteMem(4 bytes @ 0xE0002024)
T1BF18 003:345.037   CPU_ReadMem(4 bytes @ 0xE000EE08)
T1BF18 003:345.615   CPU_ReadMem(4 bytes @ 0xE000EE08)
T1BF18 003:346.226   CPU_WriteMem(4 bytes @ 0xE0001004)
T1BF18 003:376.571   CPU_ReadMem(4 bytes @ 0xE0001004)
T1BF18 003:377.252   CPU_WriteMem(6 bytes @ 0x20000000)
T1BF18 003:377.965   ClockFreq: 2076000 Hz
T1BF18 003:377.976 - 60.685ms returns 2076000
T1BF18 003:377.995 JLINK_ReadReg(XPSR)
T1BF18 003:378.009   CPU_ReadMem(4 bytes @ 0xE000EE08)
T1BF18 003:378.600 - 0.605ms returns 0xF9000000
T1C4F8 005:472.115 JLINK_ReadReg(XPSR)
T1C4F8 005:472.771   CPU_ReadMem(4 bytes @ 0xE000EE08)
T1C4F8 005:473.423 - 1.308ms returns 0xF9000000
T1C4F8 005:535.205 JLINK_ReadReg(XPSR)
T1C4F8 005:535.245 - 0.040ms returns 0xF9000000
T1C4F8 006:141.701 JLINK_ResetPullsRESET(ON)
T1C4F8 006:141.722 - 0.021ms 
T1C4F8 006:141.730 JLINK_Halt()
T1C4F8 006:142.323 - 0.593ms returns 0x00
T1C4F8 006:142.337 JLINK_IsHalted()
T1C4F8 006:142.346 - 0.008ms returns TRUE
T1C4F8 006:142.353 JLINK_Reset()
T1C4F8 006:142.369   ResetTarget() start
T1C4F8 006:142.378    J-Link Script File: Executing ResetTarget()
T1C4F8 006:142.393   CPU_ReadMem(4 bytes @ 0xE000ED44)
T1C4F8 006:143.054   CPU_ReadMem(4 bytes @ 0xE000EE08)
T1C4F8 006:143.669   CPU_WriteMem(4 bytes @ 0xE000EE08)
T1C4F8 006:144.399   CPU_ReadMem(4 bytes @ 0xE000EE08)
T1C4F8 006:145.005   Reset: ARMv8M core with Security Extension enabled detected. Switch to secure domain.
T1C4F8 006:145.017   Reset: Halt core after reset via DEMCR.VC_CORERESET.
T1C4F8 006:145.026   CPU_WriteMem(4 bytes @ 0xE000EDF0)
T1C4F8 006:145.643   CPU_WriteMem(4 bytes @ 0xE000EDFC)
T1C4F8 006:146.766   Reset: Reset device via AIRCR.SYSRESETREQ.
T1C4F8 006:146.809   CPU_WriteMem(4 bytes @ 0xE000ED0C)
T1C4F8 006:199.368   CPU_ReadMem(4 bytes @ 0xE000EDF0)
T1C4F8 006:200.040   CPU_ReadMem(4 bytes @ 0xE000EDF0)
T1C4F8 006:200.763   CPU_WriteMem(4 bytes @ 0xE000EDFC)
T1C4F8 006:201.397   ResetTarget() end - Took 59.0ms
T1C4F8 006:201.407   Device specific reset executed.
T1C4F8 006:208.208   CPU_WriteMem(4 bytes @ 0xE0002000)
T1C4F8 006:208.895   CPU_ReadMem(4 bytes @ 0xE000EDFC)
T1C4F8 006:209.458   CPU_ReadMem(4 bytes @ 0xE0001000)
T1C4F8 006:210.161   CPU_ReadMem(4 bytes @ 0xE000EE08)
T1C4F8 006:210.767 - 68.412ms 
T1C4F8 006:210.791 JLINK_SetEndian(ARM_ENDIAN_LITTLE)
T1C4F8 006:210.798 - 0.006ms returns 0
T1C4F8 006:210.937 JLINK_BeginDownload(Flags = 0x00000000)
T1C4F8 006:210.945 - 0.008ms 
T1C4F8 006:222.271 JLINK_ReadMem(0xE000EDF0, 0x4 Bytes, ...)
T1C4F8 006:222.306   CPU_ReadMem(4 bytes @ 0xE000EDF0)
T1C4F8 006:223.032   Data:  03 00 13 00
T1C4F8 006:223.053   Debug reg: DHCSR
T1C4F8 006:223.063 - 0.793ms returns 0
T1C4F8 006:223.913 JLINK_WriteMem(0x00000000, 0xBB0 Bytes, ...)
T1C4F8 006:223.929   Data:  10 3B 00 20 51 0C 01 00 79 0A 01 00 4D 0C 01 00 ...
T1C4F8 006:224.203   completely In flash
T1C4F8 006:224.219 - 0.306ms returns 0xBB0
T1C4F8 006:224.561 JLINK_WriteMem(0x00000BB0, 0xBC0 Bytes, ...)
T1C4F8 006:224.573   Data:  15 FE 48 B9 2E 9B 0B A8 03 EB C7 11 0C 31 FF F7 ...
T1C4F8 006:224.586   completely In flash
T1C4F8 006:224.596 - 0.035ms returns 0xBC0
T1C4F8 006:224.844 JLINK_WriteMem(0x00001770, 0xBC0 Bytes, ...)
T1C4F8 006:224.853   Data:  6B 60 00 F0 B5 FA 00 28 A6 D1 6B 79 01 2B 2B D0 ...
T1C4F8 006:224.864   completely In flash
T1C4F8 006:224.873 - 0.029ms returns 0xBC0
T1C4F8 006:225.111 JLINK_WriteMem(0x00002330, 0xBC0 Bytes, ...)
T1C4F8 006:225.119   Data:  3B 68 01 33 3B 60 18 B1 7C 4A 13 68 01 33 13 60 ...
T1C4F8 006:225.129   completely In flash
T1C4F8 006:225.139 - 0.027ms returns 0xBC0
T1C4F8 006:225.373 JLINK_WriteMem(0x00002EF0, 0xBC0 Bytes, ...)
T1C4F8 006:225.382   Data:  10 40 0E F0 99 B8 70 47 00 21 08 B5 10 30 0E F0 ...
T1C4F8 006:225.392   completely In flash
T1C4F8 006:225.401 - 0.028ms returns 0xBC0
T1C4F8 006:225.645 JLINK_WriteMem(0x00003AB0, 0xBC0 Bytes, ...)
T1C4F8 006:225.652   Data:  0F 4B 18 68 0C F0 66 FD 08 B9 20 70 DE E7 4F F0 ...
T1C4F8 006:225.661   completely In flash
T1C4F8 006:225.670 - 0.025ms returns 0xBC0
T1C4F8 006:225.940 JLINK_WriteMem(0x00004670, 0xBB0 Bytes, ...)
T1C4F8 006:225.956   Data:  00 31 CB 60 D2 F8 00 31 41 F8 10 3F 81 42 ED D1 ...
T1C4F8 006:225.973   completely In flash
T1C4F8 006:225.984 - 0.044ms returns 0xBB0
T1C4F8 006:226.233 JLINK_WriteMem(0x00005220, 0xBB0 Bytes, ...)
T1C4F8 006:226.244   Data:  43 F2 E4 41 58 22 97 4B DF F8 4C 82 C5 F8 EC 10 ...
T1C4F8 006:226.263   completely In flash
T1C4F8 006:226.271 - 0.039ms returns 0xBB0
T1C4F8 006:226.552 JLINK_WriteMem(0x00005DD0, 0xBB0 Bytes, ...)
T1C4F8 006:226.561   Data:  40 01 01 81 48 40 A4 0B 5A 5E B1 9E 51 FD 2D A9 ...
T1C4F8 006:226.573   completely In flash
T1C4F8 006:226.581 - 0.029ms returns 0xBB0
T1C4F8 006:226.816 JLINK_WriteMem(0x00006980, 0xBD0 Bytes, ...)
T1C4F8 006:226.825   Data:  EC 20 C3 F8 EC 40 C3 F8 EC 10 C3 F8 EC 10 F0 BD ...
T1C4F8 006:226.835   completely In flash
T1C4F8 006:226.844 - 0.028ms returns 0xBD0
T1C4F8 006:227.081 JLINK_WriteMem(0x00007550, 0xBE0 Bytes, ...)
T1C4F8 006:227.089   Data:  C5 44 C7 96 FF 9A 6B 3A C1 A0 00 80 5A F8 BF 56 ...
T1C4F8 006:227.099   completely In flash
T1C4F8 006:227.108 - 0.027ms returns 0xBE0
T1C4F8 006:227.333 JLINK_WriteMem(0x00008130, 0xBD0 Bytes, ...)
T1C4F8 006:227.341   Data:  74 49 53 62 4B 6A 9E 02 FC D4 42 F6 2C 43 71 4A ...
T1C4F8 006:227.351   completely In flash
T1C4F8 006:227.359 - 0.027ms returns 0xBD0
T1C4F8 006:227.644 JLINK_WriteMem(0x00008D00, 0xBC0 Bytes, ...)
T1C4F8 006:227.658   Data:  EC 8A 49 12 02 00 01 00 91 95 CB 62 92 6C 55 72 ...
T1C4F8 006:227.671   completely In flash
T1C4F8 006:227.680 - 0.036ms returns 0xBC0
T1C4F8 006:227.948 JLINK_WriteMem(0x000098C0, 0xBC0 Bytes, ...)
T1C4F8 006:227.961   Data:  00 01 00 40 B5 87 F0 02 B5 87 F0 00 04 00 00 80 ...
T1C4F8 006:227.972   completely In flash
T1C4F8 006:227.982 - 0.034ms returns 0xBC0
T1C4F8 006:228.212 JLINK_WriteMem(0x0000A480, 0xBC0 Bytes, ...)
T1C4F8 006:228.219   Data:  40 23 37 4A C4 F8 BC 31 93 69 D9 04 FC D4 DF F8 ...
T1C4F8 006:228.229   completely In flash
T1C4F8 006:228.238 - 0.026ms returns 0xBC0
T1C4F8 006:228.499 JLINK_WriteMem(0x0000B040, 0xBC0 Bytes, ...)
T1C4F8 006:228.510   Data:  04 11 C4 F8 E0 30 D2 F8 04 31 00 2B FB DA 58 21 ...
T1C4F8 006:228.545   completely In flash
T1C4F8 006:228.555 - 0.056ms returns 0xBC0
T1C4F8 006:228.806 JLINK_WriteMem(0x0000BC00, 0xBC0 Bytes, ...)
T1C4F8 006:228.818   Data:  00 31 51 F8 04 3C C0 F8 00 31 B8 D8 20 4B 5A 6F ...
T1C4F8 006:228.831   completely In flash
T1C4F8 006:228.840 - 0.034ms returns 0xBC0
T1C4F8 006:229.043 JLINK_WriteMem(0x0000C7C0, 0xBD0 Bytes, ...)
T1C4F8 006:229.051   Data:  C7 F8 EC E0 C7 F8 EC C0 C7 F8 EC 00 04 20 C7 F8 ...
T1C4F8 006:229.061   completely In flash
T1C4F8 006:229.070 - 0.026ms returns 0xBD0
T1C4F8 006:229.297 JLINK_WriteMem(0x0000D390, 0xBD0 Bytes, ...)
T1C4F8 006:229.305   Data:  43 62 4B 6A 9A 02 FC D4 4E F6 D0 03 6B 4A 4B 62 ...
T1C4F8 006:229.322   completely In flash
T1C4F8 006:229.331 - 0.033ms returns 0xBD0
T1C4F8 006:229.591 JLINK_WriteMem(0x0000DF60, 0xBD0 Bytes, ...)
T1C4F8 006:229.601   Data:  1F 4B 63 62 63 6A 9A 02 FC D4 41 F6 A1 13 63 62 ...
T1C4F8 006:229.611   completely In flash
T1C4F8 006:229.620 - 0.030ms returns 0xBD0
T1C4F8 006:229.841 JLINK_WriteMem(0x0000EB30, 0xBE0 Bytes, ...)
T1C4F8 006:229.851   Data:  B8 6B C3 F8 00 01 F8 6B C3 F8 00 01 38 6C C3 F8 ...
T1C4F8 006:229.862   completely In flash
T1C4F8 006:229.872 - 0.031ms returns 0xBE0
T1C4F8 006:230.081 JLINK_WriteMem(0x0000F710, 0xBC0 Bytes, ...)
T1C4F8 006:230.090   Data:  53 6A 99 02 FC D4 44 F2 C1 03 4C 49 53 62 4B 6A ...
T1C4F8 006:230.100   completely In flash
T1C4F8 006:230.109 - 0.027ms returns 0xBC0
T1C4F8 006:230.339 JLINK_WriteMem(0x000102D0, 0xBA0 Bytes, ...)
T1C4F8 006:230.347   Data:  04 4B 0A 60 70 47 00 BF 09 0A 49 01 01 F1 80 41 ...
T1C4F8 006:230.357   completely In flash
T1C4F8 006:230.366 - 0.027ms returns 0xBA0
T1C4F8 006:230.595 JLINK_WriteMem(0x00010E70, 0xBC0 Bytes, ...)
T1C4F8 006:230.603   Data:  14 60 49 1B A1 42 1D D3 00 20 30 BC 70 47 05 F0 ...
T1C4F8 006:230.613   completely In flash
T1C4F8 006:230.622 - 0.026ms returns 0xBC0
T1C4F8 006:230.850 JLINK_WriteMem(0x00011A30, 0xBC0 Bytes, ...)
T1C4F8 006:230.858   Data:  90 46 0D 46 9B 00 03 93 4F EA 8C 00 09 EB 81 0A ...
T1C4F8 006:230.867   completely In flash
T1C4F8 006:230.876 - 0.026ms returns 0xBC0
T1C4F8 006:231.103 JLINK_WriteMem(0x000125F0, 0xBC0 Bytes, ...)
T1C4F8 006:231.170   Data:  19 93 DD E9 18 32 53 F8 22 30 46 EA D3 76 0A 9B ...
T1C4F8 006:231.201   completely In flash
T1C4F8 006:231.210 - 0.107ms returns 0xBC0
T1C4F8 006:231.481 JLINK_WriteMem(0x000131B0, 0xBD0 Bytes, ...)
T1C4F8 006:231.492   Data:  32 44 7B 4E 05 EB 32 72 26 44 0E 44 83 EA 05 01 ...
T1C4F8 006:231.502   completely In flash
T1C4F8 006:231.511 - 0.029ms returns 0xBD0
T1C4F8 006:231.755 JLINK_WriteMem(0x00013D80, 0xBE0 Bytes, ...)
T1C4F8 006:231.765   Data:  01 9A 25 44 02 E0 00 BF A1 EB D9 6E 0C EB FE 6C ...
T1C4F8 006:231.777   completely In flash
T1C4F8 006:231.787 - 0.032ms returns 0xBE0
T1C4F8 006:232.017 JLINK_WriteMem(0x00014960, 0xBD0 Bytes, ...)
T1C4F8 006:232.025   Data:  8C F7 B6 FB FE F0 0A 43 0E FB 10 66 11 0C 41 EA ...
T1C4F8 006:232.034   completely In flash
T1C4F8 006:232.043 - 0.026ms returns 0xBD0
T1C4F8 006:232.272 JLINK_WriteMem(0x00015530, 0xBC0 Bytes, ...)
T1C4F8 006:232.281   Data:  DE CF 98 85 48 1A 76 C0 84 A6 C8 E8 0F 6A 3E 80 ...
T1C4F8 006:232.297   completely In flash
T1C4F8 006:232.306 - 0.033ms returns 0xBC0
T1C4F8 006:232.533 JLINK_WriteMem(0x000160F0, 0xBD0 Bytes, ...)
T1C4F8 006:232.543   Data:  60 5A DC 6C F0 8A 48 BD 37 80 29 2B AC 13 45 ED ...
T1C4F8 006:232.553   completely In flash
T1C4F8 006:232.562 - 0.029ms returns 0xBD0
T1C4F8 006:232.658 JLINK_WriteMem(0x00016CC0, 0x4 Bytes, ...)
T1C4F8 006:232.668   Data:  00 00 00 00
T1C4F8 006:232.678   completely In flash
T1C4F8 006:232.687 - 0.029ms returns 0x4
T1C4F8 006:232.884 JLINK_WriteMem(0x00016CC4, 0x7F4 Bytes, ...)
T1C4F8 006:232.893   Data:  4F F4 2A 43 1C 49 B1 F8 84 C0 A1 F8 84 30 B1 F8 ...
T1C4F8 006:232.903   completely In flash
T1C4F8 006:232.913 - 0.029ms returns 0x7F4
T1C4F8 006:233.170 JLINK_WriteMem(0x0100A100, 0x14 Bytes, ...)
T1C4F8 006:233.179   Data:  FF FF FF FF FF FF FF FF FF FF FF FF FF FF FF FF ...
T1C4F8 006:233.476   completely In flash
T1C4F8 006:233.487 - 0.317ms returns 0x14
T1C4F8 006:233.690 JLINK_WriteMem(0x0100A134, 0x4 Bytes, ...)
T1C4F8 006:233.698   Data:  FF FF FF FF
T1C4F8 006:233.708   completely In flash
T1C4F8 006:233.717 - 0.027ms returns 0x4
T1C4F8 006:235.009 JLINK_WriteMem(0x0100A200, 0xD0 Bytes, ...)
T1C4F8 006:235.019   Data:  FF FD FF FF FF FF FF FF FF FF FF FF FF FF FF FF ...
T1C4F8 006:235.029   completely In flash
T1C4F8 006:235.038 - 0.029ms returns 0xD0
T1C4F8 006:253.988 JLINK_EndDownload()
T1C4F8 006:254.379   CPU_ReadMem(4 bytes @ 0xE000ED90)
T1C4F8 006:254.992   CPU_ReadMem(4 bytes @ 0xE000ED94)
T1C4F8 006:255.590    -- --------------------------------------
T1C4F8 006:255.610    -- Start of determining flash info (Bank @ 0x0100A100)
T1C4F8 006:255.636    -- End of determining flash info
T1C4F8 006:255.646    -- Start of determining dirty areas in flash cache
T1C4F8 006:255.656    -- Filling invalid ranges in sector buffer (flash cache) for sector @ 0x0100A100 if necessary
T1C4F8 006:255.665    -- Filling invalid ranges in sector buffer (flash cache) for sector @ 0x0100A110 if necessary
T1C4F8 006:255.677    -- Filling invalid ranges in sector buffer (flash cache) for sector @ 0x0100A130 if necessary
T1C4F8 006:255.687    -- Filling invalid ranges in sector buffer (flash cache) for sector @ 0x0100A200 if necessary
T1C4F8 006:255.697    -- Filling invalid ranges in sector buffer (flash cache) for sector @ 0x0100A210 if necessary
T1C4F8 006:255.706    -- Filling invalid ranges in sector buffer (flash cache) for sector @ 0x0100A220 if necessary
T1C4F8 006:255.715    -- Filling invalid ranges in sector buffer (flash cache) for sector @ 0x0100A230 if necessary
T1C4F8 006:255.725    -- Filling invalid ranges in sector buffer (flash cache) for sector @ 0x0100A240 if necessary
T1C4F8 006:255.734    -- Filling invalid ranges in sector buffer (flash cache) for sector @ 0x0100A250 if necessary
T1C4F8 006:255.743    -- Filling invalid ranges in sector buffer (flash cache) for sector @ 0x0100A260 if necessary
T1C4F8 006:255.752    -- Filling invalid ranges in sector buffer (flash cache) for sector @ 0x0100A270 if necessary
T1C4F8 006:255.825    -- Filling invalid ranges in sector buffer (flash cache) for sector @ 0x0100A280 if necessary
T1C4F8 006:255.834    -- Filling invalid ranges in sector buffer (flash cache) for sector @ 0x0100A290 if necessary
T1C4F8 006:255.843    -- Filling invalid ranges in sector buffer (flash cache) for sector @ 0x0100A2A0 if necessary
T1C4F8 006:255.853    -- Filling invalid ranges in sector buffer (flash cache) for sector @ 0x0100A2B0 if necessary
T1C4F8 006:255.862    -- Filling invalid ranges in sector buffer (flash cache) for sector @ 0x0100A2C0 if necessary
T1C4F8 006:255.871    -- End of determining dirty areas
T1C4F8 006:255.880    -- Start of preparing flash programming
T1C4F8 006:255.896    -- Preparing RAMCode
T1C4F8 006:255.905    -- Calculating RAM usage
T1C4F8 006:255.915    -- RAM usage = 5104 Bytes
T1C4F8 006:255.924    -- Preserving CPU registers
T1C4F8 006:256.784    -- Preparing memory
T1C4F8 006:256.797    -- Determining CPU clock frequency
T1C4F8 006:314.022    -- CPU frequency = 2076 kHz
T1C4F8 006:314.049    -- Preparing target
T1C4F8 006:314.058    -- Preserving target RAM temporarily used for programming
T1C4F8 006:373.757    -- Downloading RAMCode
T1C4F8 006:453.069    -- Initializing RAMCode (InitType: 3 = Verify)
T1C4F8 006:453.092    -- Executing Init(3)
T1C4F8 006:472.512    -- End of preparing flash programming
T1C4F8 006:478.479   
  ***** Warning: 
T1C4F8 006:478.502   CPU is running at low speed (2076 kHz).
T1C4F8 006:478.511    -- CPU is running at 2076 kHz.
T1C4F8 006:478.521    -- Start of comparing flash
T1C4F8 006:478.531    -- Flash algorithm supports a native verify function which is used to compare the flash content.
T1C4F8 006:498.417    -- Comparing range 0x100A100 - 0x100A11F (2 Sectors, 32 Bytes), using verify function of the RAMCode
T1C4F8 006:500.925    -- Data matches for sectors 0-1
T1C4F8 006:501.491    -- Comparing range 0x100A130 - 0x100A13F (1 Sector, 16 Bytes), using verify function of the RAMCode
T1C4F8 006:503.830    -- Data matches for sector 3
T1C4F8 006:504.063    -- Comparing range 0x100A200 - 0x100A2CF (13 Sectors, 208 Bytes), using verify function of the RAMCode
T1C4F8 006:508.620    -- Data does not match for sectors 16-28
T1C4F8 006:508.643    -- End of comparing flash
T1C4F8 006:508.654    -- Start of erasing sectors
T1C4F8 006:508.693    -- Erasing range 0x0100A200 - 0x0100A2CF ( 13 Sectors, 208 Bytes)
T1C4F8 006:508.704    -- Initializing RAMCode (InitType: 1 = Erase)
T1C4F8 006:508.713    -- Executing UnInit()
T1C4F8 006:517.712    -- Executing Init(1)
T1C4F8 006:616.678    -- End of erasing sectors
T1C4F8 006:616.712    -- Start of flash programming
T1C4F8 006:616.724    -- Programming range 0x0100A200 - 0x0100A2CF ( 13 Sectors, 208 Bytes)
T1C4F8 006:616.915    -- Initializing RAMCode (InitType: 2 = Program)
T1C4F8 006:616.927    -- Executing UnInit()
T1C4F8 006:625.447    -- Executing Init(2)
T1C4F8 006:633.780    -- End of flash programming
T1C4F8 006:633.798    -- 0x100A200 - 0x100A2CF ( 13 Sectors, 208 Bytes)
T1C4F8 006:633.809    -- Start of verifying flash
T1C4F8 006:633.819    -- Flash algorithm supports a native verify function which is used during flash programming.
T1C4F8 006:633.829    -- Initializing RAMCode (InitType: 3 = Verify)
T1C4F8 006:633.839    -- Executing UnInit()
T1C4F8 006:659.211    -- Executing Init(3)
T1C4F8 006:673.488    -- End of verifying flash
T1C4F8 006:673.519    -- Start of restoring
T1C4F8 006:673.534    -- Executing UnInit()
T1C4F8 006:682.254    -- Restoring target memory
T1C4F8 006:734.491    -- Restoring CPU registers
T1C4F8 006:735.247    -- End of restoring
T1C4F8 006:735.261    -- Bank 0 @ 0x0100A100: 1 range affected (208 bytes)
T1C4F8 006:735.273    -- Total: 0.479s (Prepare: 0.222s, Compare: 0.030s, Erase: 0.108s, Program: 0.034s, Verify: 0.022s, Restore: 0.061s)
T1C4F8 006:735.284    -- Program speed: 6 KB/s
T1C4F8 006:739.979    -- --------------------------------------
T1C4F8 006:740.012    -- Flash bank @ 0x00000000: Default: L2 verify disabled because algorithm performs L1 verify
T1C4F8 006:740.089    -- Start of determining dirty areas in flash cache
T1C4F8 006:740.101    -- Filling invalid ranges in sector buffer (flash cache) for sector @ 0x00000000 if necessary
T1C4F8 006:740.112    -- Filling invalid ranges in sector buffer (flash cache) for sector @ 0x00002000 if necessary
T1C4F8 006:740.122    -- Filling invalid ranges in sector buffer (flash cache) for sector @ 0x00004000 if necessary
T1C4F8 006:740.133    -- Filling invalid ranges in sector buffer (flash cache) for sector @ 0x00006000 if necessary
T1C4F8 006:740.145    -- Filling invalid ranges in sector buffer (flash cache) for sector @ 0x00008000 if necessary
T1C4F8 006:740.155    -- Filling invalid ranges in sector buffer (flash cache) for sector @ 0x0000A000 if necessary
T1C4F8 006:740.165    -- Filling invalid ranges in sector buffer (flash cache) for sector @ 0x0000C000 if necessary
T1C4F8 006:740.174    -- Filling invalid ranges in sector buffer (flash cache) for sector @ 0x0000E000 if necessary
T1C4F8 006:740.185    -- Filling invalid ranges in sector buffer (flash cache) for sector @ 0x00010000 if necessary
T1C4F8 006:740.330    -- End of determining dirty areas
T1C4F8 006:740.340    -- Start of preparing flash programming
T1C4F8 006:740.349    -- Calculating RAM usage
T1C4F8 006:753.267    -- RAM usage = 6548 Bytes
T1C4F8 006:753.314    -- Preserving CPU registers
T1C4F8 006:753.375    -- Determining CPU clock frequency
T1C4F8 006:806.249    -- Preparing target
T1C4F8 006:806.286    -- Preserving target RAM temporarily used for programming
T1C4F8 006:883.381    -- Downloading RAMCode
T1C4F8 006:931.145    -- Preparing RAMCode
T1C4F8 006:951.009    -- CPU frequency = 100000 kHz
T1C4F8 006:951.026    -- End of preparing flash programming
T1C4F8 006:952.605    -- CPU is running at 100000 kHz.
T1C4F8 006:952.640    -- Start of comparing flash
T1C4F8 006:952.651    -- CRC check was estimated as fastest method
T1C4F8 006:968.321    -- Comparing range 0x0000 - 0xFFFF (8 Sectors, 64 KB), using multi-block CRC calculation
T1C4F8 006:975.931    -- CRC does not match for sectors 0-7
T1C4F8 006:976.097    -- Comparing range 0x10000 - 0x17FFF (1 Sector, 32 KB), using multi-block CRC calculation
T1C4F8 006:981.168    -- CRC does not match for sector 0
T1C4F8 006:981.217    -- End of comparing flash
T1C4F8 006:981.231    -- Start of erasing sectors
T1C4F8 006:981.241    -- End of erasing sectors
T1C4F8 006:981.249    -- Start of flash programming
T1C4F8 006:981.261    -- Programming range 0x00000000 - 0x00007FFF (  4 Sectors, 32 KB)
T1C4F8 007:342.552    -- Programming range 0x00008000 - 0x0000FFFF (  4 Sectors, 32 KB)
T1C4F8 007:729.701    -- Programming range 0x00010000 - 0x00017FFF (  1 Sector, 32 KB)
T1C4F8 008:092.789    -- End of flash programming
T1C4F8 008:092.816    -- 0x0000 - 0xFFFF (  8 Sectors, 64 KB)
T1C4F8 008:092.825    -- 0x10000 - 0x17FFF (  1 Sector, 32 KB)
T1C4F8 008:092.835    -- Start of restoring
T1C4F8 008:092.845    -- Restoring RAMCode
T1C4F8 008:129.950    -- Restoring target memory
T1C4F8 008:196.569    -- Restore target
T1C4F8 008:196.601    -- Restoring CPU registers
T1C4F8 008:197.390    -- End of restoring
T1C4F8 008:197.406    -- Bank 1 @ 0x00000000: 2 ranges affected (98304 bytes)
T1C4F8 008:197.418    -- Total: 1.457s (Prepare: 0.212s, Compare: 0.028s, Erase: 0.000s, Program & Verify: 1.140s, Restore: 0.075s)
T1C4F8 008:197.429    -- Program & Verify speed: 84 KB/s
T1C4F8 008:212.333 - 1958.345ms returns 98512 (0x180D0)
T1C4F8 008:215.835 JLINK_WriteReg(R15 (PC), 0x00010C50)
T1C4F8 008:215.854 - 0.019ms returns 0
T1C4F8 008:215.862 JLINK_WriteReg(XPSR, 0x01000000)
T1C4F8 008:215.870 - 0.008ms returns 0
T1C4F8 008:216.361 JLINK_ResetPullsRESET(ON)
T1C4F8 008:216.373 - 0.011ms 
T1C4F8 008:216.379 JLINK_Halt()
T1C4F8 008:216.947 - 0.567ms returns 0x00
T1C4F8 008:216.960 JLINK_IsHalted()
T1C4F8 008:216.967 - 0.007ms returns TRUE
T1C4F8 008:216.974 JLINK_Reset()
T1C4F8 008:216.985   ResetTarget() start
T1C4F8 008:217.065    J-Link Script File: Executing ResetTarget()
T1C4F8 008:217.077   CPU_ReadMem(4 bytes @ 0xE000ED44)
T1C4F8 008:217.786   CPU_ReadMem(4 bytes @ 0xE000EE08)
T1C4F8 008:218.363   CPU_WriteMem(4 bytes @ 0xE000EE08)
T1C4F8 008:219.042   CPU_ReadMem(4 bytes @ 0xE000EE08)
T1C4F8 008:219.643   Reset: ARMv8M core with Security Extension enabled detected. Switch to secure domain.
T1C4F8 008:219.653   Reset: Halt core after reset via DEMCR.VC_CORERESET.
T1C4F8 008:219.664   CPU_WriteMem(4 bytes @ 0xE000EDF0)
T1C4F8 008:220.419   CPU_WriteMem(4 bytes @ 0xE000EDFC)
T1C4F8 008:221.512   Reset: Reset device via AIRCR.SYSRESETREQ.
T1C4F8 008:221.528   CPU_WriteMem(4 bytes @ 0xE000ED0C)
T1C4F8 008:273.833   CPU_ReadMem(4 bytes @ 0xE000EDF0)
T1C4F8 008:274.521   CPU_ReadMem(4 bytes @ 0xE000EDF0)
T1C4F8 008:275.106   CPU_WriteMem(4 bytes @ 0xE000EDFC)
T1C4F8 008:275.761   ResetTarget() end - Took 58.6ms
T1C4F8 008:275.771   Device specific reset executed.
T1C4F8 008:282.475   CPU_WriteMem(4 bytes @ 0xE0002000)
T1C4F8 008:283.153   CPU_ReadMem(4 bytes @ 0xE000EDFC)
T1C4F8 008:283.762   CPU_ReadMem(4 bytes @ 0xE0001000)
T1C4F8 008:284.398   CPU_ReadMem(4 bytes @ 0xE000EE08)
T1C4F8 008:284.982 - 68.008ms 
T1C4F8 008:284.995 JLINK_SetEndian(ARM_ENDIAN_LITTLE)
T1C4F8 008:285.001 - 0.006ms returns 0
T1C4F8 008:304.764 JLINK_ReadReg(XPSR)
T1C4F8 008:304.805   CPU_ReadMem(4 bytes @ 0xE000EE08)
T1C4F8 008:305.389 - 0.624ms returns 0xF9000000
T1C4F8 008:305.899 JLINK_ReadMem(0x00010C50, 0x4 Bytes, ...)
T1C4F8 008:305.915    -- Read from flash cache (4 bytes @ 0x00010C50)
T1C4F8 008:305.924   Data:  08 B5 00 F0
T1C4F8 008:305.933 - 0.033ms returns 0
T1C4F8 008:332.990 JLINK_ReadReg(XPSR)
T1C4F8 008:333.033 - 0.042ms returns 0xF9000000
T1C4F8 008:333.526 JLINK_ReadMem(0x00010C50, 0x4 Bytes, ...)
T1C4F8 008:333.542    -- Read from flash cache (4 bytes @ 0x00010C50)
T1C4F8 008:333.552   Data:  08 B5 00 F0
T1C4F8 008:333.560 - 0.033ms returns 0
T1C4F8 008:579.722 JLINK_GetNumBPUnits(Type = 0xFFFFFF00)
T1C4F8 008:579.748 - 0.025ms returns 0x08
T1C4F8 008:579.755 JLINK_GetNumWPUnits()
T1C4F8 008:579.762 - 0.005ms returns 4
T1C4F8 008:579.768 JLINK_GetNumWPUnits()
T1C4F8 008:579.774 - 0.005ms returns 4
T1C4F8 008:579.794 JLINK_GetNumBPUnits(Type = 0xFFFFFF00)
T1C4F8 008:579.801 - 0.006ms returns 0x08
T1C4F8 008:579.807 JLINK_GetNumWPUnits()
T1C4F8 008:579.813 - 0.005ms returns 4
T1C4F8 008:579.819 JLINK_GetNumWPUnits()
T1C4F8 008:579.826 - 0.006ms returns 4
T1C4F8 008:579.835 JLINK_GetNumBPUnits(Type = 0xFFFFFF00)
T1C4F8 008:579.842 - 0.007ms returns 0x08
T1C4F8 008:579.849 JLINK_GetNumWPUnits()
T1C4F8 008:579.856 - 0.007ms returns 4
T1C4F8 008:579.863 JLINK_GetNumWPUnits()
T1C4F8 008:579.869 - 0.005ms returns 4
T1C4F8 008:580.298 JLINK_SetBPEx(Addr = 0x00000178, Type = 0xFFFFFF00)
T1C4F8 008:580.325 - 0.027ms returns 0x00000001
T1C4F8 008:580.337 JLINK_ClrBPEx(BPHandle = 0x00000001)
T1C4F8 008:580.345 - 0.008ms returns 0x00
T1C4F8 008:597.404 JLINK_ReadMem(0x00000140, 0x40 Bytes, ...)
T1C4F8 008:597.426    -- Read from flash cache (64 bytes @ 0x00000140)
T1C4F8 008:597.437   Data:  0F F0 A2 FF 00 B1 FE E7 BD E8 08 40 FF F7 C0 BF ...
T1C4F8 008:597.446 - 0.041ms returns 0
T1C4F8 008:604.390 JLINK_ReadMem(0x00000178, 0x2 Bytes, ...)
T1C4F8 008:604.426    -- Read from flash cache (2 bytes @ 0x00000178)
T1C4F8 008:604.435   Data:  08 B5
T1C4F8 008:604.446 - 0.056ms returns 0
T1C4F8 008:604.777 JLINK_SetBPEx(Addr = 0x00000178, Type = 0xFFFFFF00)
T1C4F8 008:604.798 - 0.023ms returns 0x00000002
T1C4F8 008:721.779 JLINK_ReadRegs(NumRegs = 22)
T1C4F8 008:721.835   
  R0 (0)        = 0x00                 R1 (1)        = 0x00                 R2 (2)        = 0x00                 R3 (3)        = 0x00              
  R4 (4)        = 0x00                 R5 (5)        = 0x00                 R6 (6)        = 0x00                 R7 (7)        = 0x00              
  R8 (8)        = 0x00                 R9 (9)        = 0x00                 R10 (10)      = 0x00                 R11 (11)      = 0x00              
  R12 (12)      = 0x2003D888           R13 (SP) (13) = 0x20003B10           R14 (14)      = 0xFFFFFFFF           R15 (PC) (15) = 0x10C50           
  XPSR (16)     = 0xF9000000           MSP (17)      = 0x20003B10           PSP (18)      = 0x00                 MSPLIM (86)   = 0x00              
  PSPLIM (87)   = 0x00                 CFBP (20)     = 0x00              
T1C4F8 008:721.926 - 0.147ms returns 0x00
T1C4F8 008:722.217 JLINK_ReadReg(XPSR)
T1C4F8 008:722.249 - 0.032ms returns 0xF9000000
T1C4F8 008:722.734 JLINK_ReadMem(0x00010C50, 0x4 Bytes, ...)
T1C4F8 008:722.753    -- Read from flash cache (4 bytes @ 0x00010C50)
T1C4F8 008:722.763   Data:  08 B5 00 F0
T1C4F8 008:722.772 - 0.037ms returns 0
T1E930 008:799.868 JLINK_GetNumBPUnits(Type = 0xFFFFFF00)
T1E930 008:799.896 - 0.028ms returns 0x08
T1E930 008:799.903 JLINK_GetNumWPUnits()
T1E930 008:799.909 - 0.005ms returns 4
T1E930 008:799.916 JLINK_GetNumWPUnits()
T1E930 008:799.922 - 0.005ms returns 4
T1E930 008:800.264 JLINK_GetNumBPUnits(Type = 0xFFFFFF00)
T1E930 008:800.286 - 0.022ms returns 0x08
T1E930 008:800.294 JLINK_GetNumWPUnits()
T1E930 008:800.299 - 0.006ms returns 4
T1E930 008:800.306 JLINK_GetNumWPUnits()
T1E930 008:800.312 - 0.005ms returns 4
T1E930 008:800.482 JLINK_GetNumBPUnits(Type = 0xFFFFFF00)
T1E930 008:800.491 - 0.009ms returns 0x08
T1E930 008:800.498 JLINK_GetNumWPUnits()
T1E930 008:800.504 - 0.005ms returns 4
T1E930 008:800.510 JLINK_GetNumWPUnits()
T1E930 008:800.517 - 0.005ms returns 4
T1E930 008:800.660 JLINK_GetNumBPUnits(Type = 0xFFFFFF00)
T1E930 008:800.674 - 0.014ms returns 0x08
T1E930 008:800.682 JLINK_GetNumWPUnits()
T1E930 008:800.687 - 0.005ms returns 4
T1E930 008:800.694 JLINK_GetNumWPUnits()
T1E930 008:800.699 - 0.005ms returns 4
T1E930 008:800.858 JLINK_GetNumBPUnits(Type = 0xFFFFFF00)
T1E930 008:800.870 - 0.012ms returns 0x08
T1E930 008:800.877 JLINK_GetNumWPUnits()
T1E930 008:800.883 - 0.005ms returns 4
T1E930 008:800.890 JLINK_GetNumWPUnits()
T1E930 008:800.895 - 0.005ms returns 4
T1E930 008:801.107 JLINK_GetNumBPUnits(Type = 0xFFFFFF00)
T1E930 008:801.122 - 0.014ms returns 0x08
T1E930 008:801.129 JLINK_GetNumWPUnits()
T1E930 008:801.135 - 0.005ms returns 4
T1E930 008:801.142 JLINK_GetNumWPUnits()
T1E930 008:801.147 - 0.005ms returns 4
T1E930 008:801.289 JLINK_GetNumBPUnits(Type = 0xFFFFFF00)
T1E930 008:801.299 - 0.010ms returns 0x08
T1E930 008:801.306 JLINK_GetNumWPUnits()
T1E930 008:801.312 - 0.005ms returns 4
T1E930 008:801.318 JLINK_GetNumWPUnits()
T1E930 008:801.324 - 0.005ms returns 4
T1E930 008:801.480 JLINK_GetNumBPUnits(Type = 0xFFFFFF00)
T1E930 008:801.494 - 0.013ms returns 0x08
T1E930 008:801.501 JLINK_GetNumWPUnits()
T1E930 008:801.506 - 0.005ms returns 4
T1E930 008:801.513 JLINK_GetNumWPUnits()
T1E930 008:801.518 - 0.005ms returns 4
T1E930 008:816.564 JLINK_ReadReg(XPSR)
T1E930 008:817.294 - 0.729ms returns 0xF9000000
T1E930 008:817.307 JLINK_ReadReg(R15 (PC))
T1E930 008:817.314 - 0.007ms returns 0x00010C50
T1C4F8 011:703.914 JLINK_ReadReg(XPSR)
T1C4F8 011:704.506 - 0.591ms returns 0xF9000000
T1C4F8 011:704.990 JLINK_ReadMem(0x00010C50, 0x4 Bytes, ...)
T1C4F8 011:705.006    -- Read from flash cache (4 bytes @ 0x00010C50)
T1C4F8 011:705.016   Data:  08 B5 00 F0
T1C4F8 011:705.024 - 0.034ms returns 0
T1C4F8 014:175.115 JLINK_ReadReg(XPSR)
T1C4F8 014:175.779 - 0.662ms returns 0xF9000000
T1C4F8 014:176.285 JLINK_ReadReg(XPSR)
T1C4F8 014:176.298 - 0.014ms returns 0xF9000000
T1C4F8 018:475.662 JLINK_STRACE_Read(..., NumItems = 0x10000)
T1C4F8 018:475.696   Initializing trace type buffer with configured Coresight trace components (* indicates set/detected address):
T1C4F8 018:479.068    *TF:   0xE0047000
T1C4F8 018:479.082    *TMC:  0xE0048000
T1C4F8 018:479.088     ETB:  0x00000000
T1C4F8 018:479.094     MTB:  0x00000000
T1C4F8 018:479.100    *TPIU: 0xE0040000
T1C4F8 018:479.106    *ETM:  0xE0041000
T1C4F8 018:479.110     STM:  0x00000000
T1C4F8 018:479.116     PTM:  0x00000000
T1C4F8 018:479.522 - 3.859ms NumItemsRead = 0x00
T1C4F8 018:479.540 JLINK_IsHalted()
T1C4F8 018:480.076 - 0.535ms returns TRUE
T1C4F8 018:480.090 JLINK_STRACE_Read(..., NumItems = 0x10000)
T1C4F8 018:480.096 - 0.007ms NumItemsRead = 0x00
T1C4F8 018:480.104 JLINK_GoEx(MaxEmulInsts = 0, Flags = 0x01)
T1C4F8 018:480.124   CPU_WriteMem(4 bytes @ 0xE0002000)
T1C4F8 018:480.804   CPU_ReadMem(4 bytes @ 0xE0001000)
T1C4F8 018:481.384   CPU_WriteMem(4 bytes @ 0xE0002008)
T1C4F8 018:481.396   CPU_WriteMem(4 bytes @ 0xE000200C)
T1C4F8 018:481.404   CPU_WriteMem(4 bytes @ 0xE0002010)
T1C4F8 018:481.412   CPU_WriteMem(4 bytes @ 0xE0002014)
T1C4F8 018:481.420   CPU_WriteMem(4 bytes @ 0xE0002018)
T1C4F8 018:481.428   CPU_WriteMem(4 bytes @ 0xE000201C)
T1C4F8 018:481.436   CPU_WriteMem(4 bytes @ 0xE0002020)
T1C4F8 018:481.446   CPU_WriteMem(4 bytes @ 0xE0002024)
T1C4F8 018:485.252   CPU_WriteMem(4 bytes @ 0xE0001004)
T1C4F8 018:487.166   Memory map 'after startup completion point' is active
T1C4F8 018:487.196 - 7.090ms 
T1C4F8 018:593.264 JLINK_IsHalted()
T1C4F8 018:599.638 - 6.373ms returns TRUE
T1C4F8 018:599.656 JLINK_ReadReg(XPSR)
T1C4F8 018:599.668   CPU_ReadMem(4 bytes @ 0xE000EE08)
T1C4F8 018:600.260 - 0.604ms returns 0x69000000
T1C4F8 018:600.270 JLINK_ReadReg(R15 (PC))
T1C4F8 018:600.278 - 0.007ms returns 0x00000178
T1C4F8 018:600.316 JLINK_ReadReg(XPSR)
T1C4F8 018:600.324 - 0.008ms returns 0x69000000
T1C4F8 018:600.332 JLINK_ReadReg(XPSR)
T1C4F8 018:600.340 - 0.006ms returns 0x69000000
T1C4F8 018:600.348 JLINK_ReadReg(R15 (PC))
T1C4F8 018:600.354 - 0.007ms returns 0x00000178
T1C4F8 018:600.362 JLINK_ReadReg(XPSR)
T1C4F8 018:600.370 - 0.006ms returns 0x69000000
T1C4F8 018:600.374 JLINK_ReadReg(XPSR)
T1C4F8 018:600.380 - 0.006ms returns 0x69000000
T1C4F8 018:600.388 JLINK_ReadMem(0x00000178, 0x1 Bytes, ...)
T1C4F8 018:600.396    -- Read from flash cache (1 bytes @ 0x00000178)
T1C4F8 018:600.404   Data:  08
T1C4F8 018:600.412 - 0.024ms returns 0
T1C4F8 018:600.420 JLINK_IsHalted()
T1C4F8 018:600.426 - 0.005ms returns TRUE
T1C4F8 018:600.432 JLINK_ReadReg(XPSR)
T1C4F8 018:600.438 - 0.006ms returns 0x69000000
T1C4F8 018:600.444 JLINK_ReadReg(XPSR)
T1C4F8 018:600.450 - 0.006ms returns 0x69000000
T1C4F8 018:600.456 JLINK_ReadReg(R15 (PC))
T1C4F8 018:600.462 - 0.006ms returns 0x00000178
T1C4F8 018:600.468 JLINK_ReadReg(XPSR)
T1C4F8 018:600.476 - 0.006ms returns 0x69000000
T1C4F8 018:600.482 JLINK_ReadReg(XPSR)
T1C4F8 018:600.488 - 0.006ms returns 0x69000000
T1C4F8 018:600.494 JLINK_ReadMem(0x00000178, 0x1 Bytes, ...)
T1C4F8 018:600.500    -- Read from flash cache (1 bytes @ 0x00000178)
T1C4F8 018:600.508   Data:  08
T1C4F8 018:600.516 - 0.022ms returns 0
T1C4F8 018:600.570 JLINK_IsHalted()
T1C4F8 018:600.576 - 0.006ms returns TRUE
T1C4F8 018:600.582 JLINK_ReadReg(XPSR)
T1C4F8 018:600.588 - 0.006ms returns 0x69000000
T1C4F8 018:600.596 JLINK_ReadReg(R15 (PC))
T1C4F8 018:600.602 - 0.006ms returns 0x00000178
T1C4F8 018:600.608 JLINK_ReadReg(XPSR)
T1C4F8 018:600.614 - 0.006ms returns 0x69000000
T1C4F8 018:600.620 JLINK_ReadReg(XPSR)
T1C4F8 018:600.628 - 0.006ms returns 0x69000000
T1C4F8 018:600.634 JLINK_ReadReg(R15 (PC))
T1C4F8 018:600.640 - 0.006ms returns 0x00000178
T1C4F8 018:600.646 JLINK_ReadReg(XPSR)
T1C4F8 018:600.652 - 0.006ms returns 0x69000000
T1C4F8 018:600.658 JLINK_ReadReg(XPSR)
T1C4F8 018:600.664 - 0.006ms returns 0x69000000
T1C4F8 018:600.670 JLINK_ReadMem(0x00000178, 0x1 Bytes, ...)
T1C4F8 018:600.676    -- Read from flash cache (1 bytes @ 0x00000178)
T1C4F8 018:600.684   Data:  08
T1C4F8 018:600.692 - 0.022ms returns 0
T1C4F8 018:600.700 JLINK_IsHalted()
T1C4F8 018:600.706 - 0.005ms returns TRUE
T1C4F8 018:600.710 JLINK_ReadReg(XPSR)
T1C4F8 018:600.716 - 0.006ms returns 0x69000000
T1C4F8 018:600.724 JLINK_ReadReg(XPSR)
T1C4F8 018:600.730 - 0.006ms returns 0x69000000
T1C4F8 018:600.736 JLINK_ReadReg(R15 (PC))
T1C4F8 018:600.742 - 0.006ms returns 0x00000178
T1C4F8 018:600.748 JLINK_ReadReg(XPSR)
T1C4F8 018:600.756 - 0.006ms returns 0x69000000
T1C4F8 018:600.762 JLINK_ReadReg(XPSR)
T1C4F8 018:600.774 - 0.013ms returns 0x69000000
T1C4F8 018:600.780 JLINK_ReadMem(0x00000178, 0x1 Bytes, ...)
T1C4F8 018:600.788    -- Read from flash cache (1 bytes @ 0x00000178)
T1C4F8 018:600.796   Data:  08
T1C4F8 018:600.804 - 0.022ms returns 0
T1C4F8 018:601.100 JLINK_ReadRegs(NumRegs = 22)
T1C4F8 018:601.128   
  R0 (0)        = 0x00                 R1 (1)        = 0x11F                R2 (2)        = 0x00                 R3 (3)        = 0x60              
  R4 (4)        = 0x00                 R5 (5)        = 0x00                 R6 (6)        = 0x00                 R7 (7)        = 0x00              
  R8 (8)        = 0x00                 R9 (9)        = 0x00                 R10 (10)      = 0x00                 R11 (11)      = 0x00              
  R12 (12)      = 0x10                 R13 (SP) (13) = 0x20003B08           R14 (14)      = 0x10C5B              R15 (PC) (15) = 0x178             
  XPSR (16)     = 0x69000000           MSP (17)      = 0x20003B08           PSP (18)      = 0x00                 MSPLIM (86)   = 0x20002B10        
  PSPLIM (87)   = 0x00                 CFBP (20)     = 0x00              
T1C4F8 018:601.138 - 0.038ms returns 0x00
T1C4F8 018:601.658 JLINK_ReadReg(XPSR)
T1C4F8 018:601.694 - 0.036ms returns 0x69000000
T1C4F8 018:602.108 JLINK_ReadMem(0x00000178, 0x4 Bytes, ...)
T1C4F8 018:602.122    -- Read from flash cache (4 bytes @ 0x00000178)
T1C4F8 018:602.130   Data:  08 B5 FF F7
T1C4F8 018:602.140 - 0.032ms returns 0
T1C4F8 018:602.932 JLINK_ClrBPEx(BPHandle = 0x00000002)
T1C4F8 018:602.946 - 0.013ms returns 0x00
T1C4F8 018:617.672 JLINK_ReadMem(0x00000178, 0x4 Bytes, ...)
T1C4F8 018:617.700    -- Read from flash cache (4 bytes @ 0x00000178)
T1C4F8 018:617.710   Data:  08 B5 FF F7
T1C4F8 018:617.720 - 0.048ms returns 0
T1C4F8 018:681.732 JLINK_ReadReg(XPSR)
T1C4F8 018:681.776 - 0.043ms returns 0x69000000
T1C4F8 018:682.404 JLINK_ReadReg(XPSR)
T1C4F8 018:682.420 - 0.016ms returns 0x69000000
T1E930 019:606.144 JLINK_ReadReg(XPSR)
T1E930 019:606.792 - 0.646ms returns 0x69000000
T1E930 019:606.820 JLINK_ReadReg(R15 (PC))
T1E930 019:606.828 - 0.008ms returns 0x00000178
T1E930 019:612.782 JLINK_IsHalted()
T1E930 019:612.812 - 0.030ms returns TRUE
T1E930 019:612.824 JLINK_ReadReg(XPSR)
T1E930 019:612.842 - 0.018ms returns 0x69000000
T1E930 019:612.852 JLINK_ReadReg(R15 (PC))
T1E930 019:612.858 - 0.007ms returns 0x00000178
T1E930 019:612.868 JLINK_ReadReg(XPSR)
T1E930 019:612.874 - 0.007ms returns 0x69000000
T1E930 019:612.882 JLINK_ReadReg(XPSR)
T1E930 019:612.890 - 0.007ms returns 0x69000000
T1E930 019:612.898 JLINK_ReadReg(R15 (PC))
T1E930 019:612.904 - 0.007ms returns 0x00000178
T1E930 019:612.912 JLINK_ReadReg(XPSR)
T1E930 019:612.920 - 0.007ms returns 0x69000000
T1E930 019:612.926 JLINK_ReadReg(XPSR)
T1E930 019:612.934 - 0.007ms returns 0x69000000
T1E930 019:612.942 JLINK_ReadMem(0x00000178, 0x1 Bytes, ...)
T1E930 019:612.952    -- Read from flash cache (1 bytes @ 0x00000178)
T1E930 019:612.964   Data:  08
T1E930 019:612.972 - 0.030ms returns 0
T1E930 019:612.980 JLINK_IsHalted()
T1E930 019:612.988 - 0.006ms returns TRUE
T1E930 019:612.994 JLINK_ReadReg(XPSR)
T1E930 019:613.002 - 0.007ms returns 0x69000000
T1E930 019:613.008 JLINK_ReadReg(XPSR)
T1E930 019:613.016 - 0.007ms returns 0x69000000
T1E930 019:613.022 JLINK_ReadReg(R15 (PC))
T1E930 019:613.030 - 0.007ms returns 0x00000178
T1E930 019:613.038 JLINK_ReadReg(XPSR)
T1E930 019:613.044 - 0.007ms returns 0x69000000
T1E930 019:613.052 JLINK_ReadReg(XPSR)
T1E930 019:613.060 - 0.007ms returns 0x69000000
T1E930 019:613.068 JLINK_ReadMem(0x00000178, 0x1 Bytes, ...)
T1E930 019:613.076    -- Read from flash cache (1 bytes @ 0x00000178)
T1E930 019:613.084   Data:  08
T1E930 019:613.094 - 0.026ms returns 0
T1E930 019:613.148 JLINK_ReadMem(0xE0001000, 0x4 Bytes, ...)
T1E930 019:613.158   CPU_ReadMem(4 bytes @ 0xE0001000)
T1E930 019:613.822   Data:  01 00 00 40
T1E930 019:613.850   Debug reg: DWT_CTRL
T1E930 019:613.860 - 0.712ms returns 0
T1E930 019:613.878 JLINK_WriteMem(0xE0001FB0, 0x8 Bytes, ...)
T1E930 019:613.894   Data:  00 00 00 00 55 CE AC C5
T1E930 019:614.104   CPU_WriteMem(8 bytes @ 0xE0001FB0)
T1E930 019:614.854 - 0.975ms returns 0x8
T1E930 019:614.866 JLINK_ReadMem(0xE000EDFC, 0x4 Bytes, ...)
T1E930 019:614.876   CPU_ReadMem(4 bytes @ 0xE000EDFC)
T1E930 019:615.510   Data:  00 00 10 01
T1E930 019:615.520   Debug reg: DEMCR
T1E930 019:615.530 - 0.664ms returns 0
T1E930 019:616.262 JLINK_ReadMem(0xE0001004, 0x4 Bytes, ...)
T1E930 019:616.272   CPU_ReadMem(4 bytes @ 0xE0001004)
T1E930 019:616.824   Data:  CA ED 02 00
T1E930 019:616.844   Debug reg: DWT_CYCCNT
T1E930 019:616.854 - 0.592ms returns 0
T1C4F8 019:976.880 JLINK_STRACE_Read(..., NumItems = 0x10000)
T1C4F8 019:976.912 - 0.030ms NumItemsRead = 0x00
T1C4F8 019:977.286 JLINK_ReadMem(0xE0001004, 0x4 Bytes, ...)
T1C4F8 019:977.304   Data:  CA ED 02 00
T1C4F8 019:977.314   Debug reg: DWT_CYCCNT
T1C4F8 019:977.322 - 0.036ms returns 0
T1C4F8 019:977.330 JLINK_IsHalted()
T1C4F8 019:977.336 - 0.006ms returns TRUE
T1C4F8 019:977.342 JLINK_STRACE_Read(..., NumItems = 0x10000)
T1C4F8 019:977.348 - 0.005ms NumItemsRead = 0x00
T1C4F8 019:979.194 JLINK_ReadMem(0xE0001004, 0x4 Bytes, ...)
T1C4F8 019:979.210   Data:  CA ED 02 00
T1C4F8 019:979.218   Debug reg: DWT_CYCCNT
T1C4F8 019:979.226 - 0.032ms returns 0
T1C4F8 019:979.234 JLINK_GoEx(MaxEmulInsts = 0, Flags = 0x01)
T1C4F8 019:979.252   CPU_ReadMem(4 bytes @ 0xE0001000)
T1C4F8 019:979.914   CPU_WriteMem(4 bytes @ 0xE0002008)
T1C4F8 019:981.516 - 2.281ms 
T1C4F8 020:077.556 JLINK_IsHalted()
T1C4F8 020:078.228 - 0.671ms returns FALSE
T1C4F8 020:078.238 JLINK_IsHalted()
T1C4F8 020:078.816 - 0.577ms returns FALSE
T1C4F8 020:186.612 JLINK_IsHalted()
T1C4F8 020:187.340 - 0.727ms returns FALSE
T1C4F8 020:187.348 JLINK_IsHalted()
T1C4F8 020:187.944 - 0.594ms returns FALSE
T1C4F8 020:295.708 JLINK_IsHalted()
T1C4F8 020:296.348 - 0.640ms returns FALSE
T1C4F8 020:296.358 JLINK_IsHalted()
T1C4F8 020:296.942 - 0.583ms returns FALSE
T1C4F8 020:409.282 JLINK_IsHalted()
T1C4F8 020:409.914 - 0.632ms returns FALSE
T1C4F8 020:409.942 JLINK_IsHalted()
T1C4F8 020:411.284 - 1.340ms returns FALSE
T1C4F8 020:514.388 JLINK_IsHalted()
T1C4F8 020:515.092 - 0.704ms returns FALSE
T1C4F8 020:515.114 JLINK_IsHalted()
T1C4F8 020:515.772 - 0.658ms returns FALSE
T1C4F8 020:624.468 JLINK_IsHalted()
T1C4F8 020:625.082 - 0.614ms returns FALSE
T1C4F8 020:625.092 JLINK_IsHalted()
T1C4F8 020:625.772 - 0.681ms returns FALSE
T1C4F8 020:733.564 JLINK_IsHalted()
T1C4F8 020:734.216 - 0.650ms returns FALSE
T1C4F8 020:734.226 JLINK_IsHalted()
T1C4F8 020:734.772 - 0.546ms returns FALSE
T1C4F8 020:842.652 JLINK_IsHalted()
T1C4F8 020:843.332 - 0.681ms returns FALSE
T1C4F8 020:843.344 JLINK_IsHalted()
T1C4F8 020:843.954 - 0.610ms returns FALSE
T1C4F8 020:952.746 JLINK_IsHalted()
T1C4F8 020:953.360 - 0.615ms returns FALSE
T1C4F8 020:953.370 JLINK_IsHalted()
T1C4F8 020:953.946 - 0.575ms returns FALSE
T1E930 020:980.112 JLINK_IsHalted()
T1E930 020:980.784 - 0.671ms returns FALSE
T1E930 020:980.806 JLINK_IsHalted()
T1E930 020:981.356 - 0.549ms returns FALSE
T1C4F8 021:061.838 JLINK_IsHalted()
T1C4F8 021:062.468 - 0.629ms returns FALSE
T1C4F8 021:062.478 JLINK_IsHalted()
T1C4F8 021:063.080 - 0.602ms returns FALSE
T1C4F8 021:170.934 JLINK_IsHalted()
T1C4F8 021:171.488 - 0.553ms returns FALSE
T1C4F8 021:171.520 JLINK_IsHalted()
T1C4F8 021:172.082 - 0.560ms returns FALSE
T1C4F8 021:280.026 JLINK_IsHalted()
T1C4F8 021:280.596 - 0.568ms returns FALSE
T1C4F8 021:280.604 JLINK_IsHalted()
T1C4F8 021:281.212 - 0.608ms returns FALSE
T1C4F8 021:390.174 JLINK_IsHalted()
T1C4F8 021:390.782 - 0.609ms returns FALSE
T1C4F8 021:390.814 JLINK_IsHalted()
T1C4F8 021:391.316 - 0.500ms returns FALSE
T1C4F8 021:499.220 JLINK_IsHalted()
T1C4F8 021:499.830 - 0.611ms returns FALSE
T1C4F8 021:499.840 JLINK_IsHalted()
T1C4F8 021:500.332 - 0.491ms returns FALSE
T1C4F8 021:608.304 JLINK_IsHalted()
T1C4F8 021:608.948 - 0.644ms returns FALSE
T1C4F8 021:608.956 JLINK_IsHalted()
T1C4F8 021:609.568 - 0.611ms returns FALSE
T1C4F8 021:718.400 JLINK_IsHalted()
T1C4F8 021:718.958 - 0.558ms returns FALSE
T1C4F8 021:718.968 JLINK_IsHalted()
T1C4F8 021:719.468 - 0.501ms returns FALSE
T1C4F8 021:827.492 JLINK_IsHalted()
T1C4F8 021:828.098 - 0.606ms returns FALSE
T1C4F8 021:828.108 JLINK_IsHalted()
T1C4F8 021:828.594 - 0.486ms returns FALSE
T1C4F8 021:936.590 JLINK_IsHalted()
T1C4F8 021:937.210 - 0.620ms returns FALSE
T1C4F8 021:937.220 JLINK_IsHalted()
T1C4F8 021:937.816 - 0.594ms returns FALSE
T1E930 021:981.790 JLINK_IsHalted()
T1E930 021:982.474 - 0.685ms returns FALSE
T1E930 021:982.490 JLINK_IsHalted()
T1E930 021:983.074 - 0.583ms returns FALSE
T1C4F8 022:045.676 JLINK_IsHalted()
T1C4F8 022:046.340 - 0.665ms returns FALSE
T1C4F8 022:046.350 JLINK_IsHalted()
T1C4F8 022:046.960 - 0.609ms returns FALSE
T1C4F8 022:155.776 JLINK_IsHalted()
T1C4F8 022:156.358 - 0.583ms returns FALSE
T1C4F8 022:156.380 JLINK_IsHalted()
T1C4F8 022:156.950 - 0.569ms returns FALSE
T1C4F8 022:264.882 JLINK_IsHalted()
T1C4F8 022:265.504 - 0.622ms returns FALSE
T1C4F8 022:265.536 JLINK_IsHalted()
T1C4F8 022:266.098 - 0.561ms returns FALSE
T1C4F8 022:373.948 JLINK_IsHalted()
T1C4F8 022:374.598 - 0.648ms returns FALSE
T1C4F8 022:374.620 JLINK_IsHalted()
T1C4F8 022:375.210 - 0.587ms returns FALSE
T1C4F8 022:483.308 JLINK_IsHalted()
T1C4F8 022:483.970 - 0.661ms returns FALSE
T1C4F8 022:483.980 JLINK_IsHalted()
T1C4F8 022:484.516 - 0.535ms returns FALSE
T1C4F8 022:593.402 JLINK_IsHalted()
T1C4F8 022:594.044 - 0.644ms returns FALSE
T1C4F8 022:594.054 JLINK_IsHalted()
T1C4F8 022:594.604 - 0.549ms returns FALSE
T1C4F8 022:702.492 JLINK_IsHalted()
T1C4F8 022:703.082 - 0.589ms returns FALSE
T1C4F8 022:703.092 JLINK_IsHalted()
T1C4F8 022:703.580 - 0.487ms returns FALSE
T1C4F8 022:811.740 JLINK_IsHalted()
T1C4F8 022:812.336 - 0.596ms returns FALSE
T1C4F8 022:812.350 JLINK_IsHalted()
T1C4F8 022:812.892 - 0.541ms returns FALSE
T1C4F8 022:920.996 JLINK_IsHalted()
T1C4F8 022:921.832 - 0.836ms returns FALSE
T1C4F8 022:921.844 JLINK_IsHalted()
T1C4F8 022:922.346 - 0.500ms returns FALSE
T1E930 022:983.212 JLINK_IsHalted()
T1E930 022:983.852 - 0.638ms returns FALSE
T1E930 022:983.876 JLINK_IsHalted()
T1E930 022:984.452 - 0.578ms returns FALSE
T1C4F8 023:030.086 JLINK_IsHalted()
T1C4F8 023:030.778 - 0.690ms returns FALSE
T1C4F8 023:030.788 JLINK_IsHalted()
T1C4F8 023:031.328 - 0.540ms returns FALSE
T1C4F8 023:140.184 JLINK_IsHalted()
T1C4F8 023:140.776 - 0.591ms returns FALSE
T1C4F8 023:140.786 JLINK_IsHalted()
T1C4F8 023:141.324 - 0.537ms returns FALSE
T1C4F8 023:249.292 JLINK_IsHalted()
T1C4F8 023:249.976 - 0.684ms returns FALSE
T1C4F8 023:249.990 JLINK_IsHalted()
T1C4F8 023:250.596 - 0.605ms returns FALSE
T1C4F8 023:358.368 JLINK_IsHalted()
T1C4F8 023:358.904 - 0.537ms returns FALSE
T1C4F8 023:358.914 JLINK_IsHalted()
T1C4F8 023:359.454 - 0.540ms returns FALSE
T1C4F8 023:467.462 JLINK_IsHalted()
T1C4F8 023:468.108 - 0.646ms returns FALSE
T1C4F8 023:468.120 JLINK_IsHalted()
T1C4F8 023:468.668 - 0.546ms returns FALSE
T1C4F8 023:577.068 JLINK_IsHalted()
T1C4F8 023:577.780 - 0.712ms returns FALSE
T1C4F8 023:577.790 JLINK_IsHalted()
T1C4F8 023:578.324 - 0.532ms returns FALSE
T1C4F8 023:687.188 JLINK_IsHalted()
T1C4F8 023:687.798 - 0.610ms returns FALSE
T1C4F8 023:687.810 JLINK_IsHalted()
T1C4F8 023:688.346 - 0.535ms returns FALSE
T1C4F8 023:796.256 JLINK_IsHalted()
T1C4F8 023:797.024 - 0.767ms returns FALSE
T1C4F8 023:797.038 JLINK_IsHalted()
T1C4F8 023:797.626 - 0.586ms returns FALSE
T1C4F8 023:905.340 JLINK_IsHalted()
T1C4F8 023:906.128 - 0.787ms returns FALSE
T1C4F8 023:906.146 JLINK_IsHalted()
T1C4F8 023:906.960 - 0.813ms returns FALSE
T1E930 023:984.600 JLINK_IsHalted()
T1E930 023:985.256 - 0.654ms returns FALSE
T1E930 023:985.270 JLINK_IsHalted()
T1E930 023:985.840 - 0.568ms returns FALSE
T1C4F8 024:014.462 JLINK_IsHalted()
T1C4F8 024:015.044 - 0.582ms returns FALSE
T1C4F8 024:015.068 JLINK_IsHalted()
T1C4F8 024:015.652 - 0.583ms returns FALSE
T1C4F8 024:124.524 JLINK_IsHalted()
T1C4F8 024:125.226 - 0.703ms returns FALSE
T1C4F8 024:125.238 JLINK_IsHalted()
T1C4F8 024:125.808 - 0.570ms returns FALSE
T1C4F8 024:233.156 JLINK_IsHalted()
T1C4F8 024:233.782 - 0.625ms returns FALSE
T1C4F8 024:233.792 JLINK_IsHalted()
T1C4F8 024:234.352 - 0.560ms returns FALSE
T1C4F8 024:343.250 JLINK_IsHalted()
T1C4F8 024:343.846 - 0.596ms returns FALSE
T1C4F8 024:343.860 JLINK_IsHalted()
T1C4F8 024:344.444 - 0.581ms returns FALSE
T1C4F8 024:451.836 JLINK_IsHalted()
T1C4F8 024:452.492 - 0.655ms returns FALSE
T1C4F8 024:452.504 JLINK_IsHalted()
T1C4F8 024:453.056 - 0.551ms returns FALSE
T1C4F8 024:563.224 JLINK_IsHalted()
T1C4F8 024:563.880 - 0.656ms returns FALSE
T1C4F8 024:563.888 JLINK_IsHalted()
T1C4F8 024:565.662 - 1.772ms returns FALSE
T1C4F8 024:671.026 JLINK_IsHalted()
T1C4F8 024:671.612 - 0.585ms returns FALSE
T1C4F8 024:671.620 JLINK_IsHalted()
T1C4F8 024:672.190 - 0.570ms returns FALSE
T1C4F8 024:780.116 JLINK_IsHalted()
T1C4F8 024:780.810 - 0.694ms returns FALSE
T1C4F8 024:780.820 JLINK_IsHalted()
T1C4F8 024:781.388 - 0.569ms returns FALSE
T1C4F8 024:890.206 JLINK_IsHalted()
T1C4F8 024:890.850 - 0.642ms returns FALSE
T1C4F8 024:890.860 JLINK_IsHalted()
T1C4F8 024:891.364 - 0.505ms returns FALSE
T1E930 024:986.214 JLINK_IsHalted()
T1E930 024:986.780 - 0.567ms returns FALSE
T1E930 024:986.802 JLINK_IsHalted()
T1E930 024:987.340 - 0.539ms returns FALSE
T1C4F8 024:999.082 JLINK_IsHalted()
T1C4F8 024:999.624 - 0.542ms returns FALSE
T1C4F8 024:999.638 JLINK_IsHalted()
T1C4F8 025:000.196 - 0.555ms returns FALSE
T1C4F8 025:108.154 JLINK_IsHalted()
T1C4F8 025:108.782 - 0.629ms returns FALSE
T1C4F8 025:108.792 JLINK_IsHalted()
T1C4F8 025:109.334 - 0.543ms returns FALSE
T1C4F8 025:217.438 JLINK_IsHalted()
T1C4F8 025:218.046 - 0.608ms returns FALSE
T1C4F8 025:218.056 JLINK_IsHalted()
T1C4F8 025:218.610 - 0.551ms returns FALSE
T1C4F8 025:327.538 JLINK_IsHalted()
T1C4F8 025:328.192 - 0.655ms returns FALSE
T1C4F8 025:328.202 JLINK_IsHalted()
T1C4F8 025:328.778 - 0.576ms returns FALSE
T1C4F8 025:436.628 JLINK_IsHalted()
T1C4F8 025:437.218 - 0.588ms returns FALSE
T1C4F8 025:437.228 JLINK_IsHalted()
T1C4F8 025:437.788 - 0.561ms returns FALSE
T1C4F8 025:545.718 JLINK_IsHalted()
T1C4F8 025:546.346 - 0.626ms returns FALSE
T1C4F8 025:546.360 JLINK_IsHalted()
T1C4F8 025:546.892 - 0.531ms returns FALSE
T1C4F8 025:655.812 JLINK_IsHalted()
T1C4F8 025:656.478 - 0.664ms returns FALSE
T1C4F8 025:656.488 JLINK_IsHalted()
T1C4F8 025:657.036 - 0.549ms returns FALSE
T1C4F8 025:764.916 JLINK_IsHalted()
T1C4F8 025:765.468 - 0.552ms returns FALSE
T1C4F8 025:765.478 JLINK_IsHalted()
T1C4F8 025:765.952 - 0.474ms returns FALSE
T1C4F8 025:874.018 JLINK_IsHalted()
T1C4F8 025:874.578 - 0.561ms returns FALSE
T1C4F8 025:874.588 JLINK_IsHalted()
T1C4F8 025:875.196 - 0.606ms returns FALSE
T1C4F8 025:983.090 JLINK_IsHalted()
T1C4F8 025:983.780 - 0.690ms returns FALSE
T1C4F8 025:983.790 JLINK_IsHalted()
T1C4F8 025:984.332 - 0.541ms returns FALSE
T1E930 025:987.256 JLINK_IsHalted()
T1E930 025:987.828 - 0.572ms returns FALSE
T1E930 025:987.840 JLINK_IsHalted()
T1E930 025:988.388 - 0.548ms returns FALSE
T1C4F8 026:093.190 JLINK_IsHalted()
T1C4F8 026:093.782 - 0.592ms returns FALSE
T1C4F8 026:093.796 JLINK_IsHalted()
T1C4F8 026:094.322 - 0.525ms returns FALSE
T1C4F8 026:202.270 JLINK_IsHalted()
T1C4F8 026:202.844 - 0.572ms returns FALSE
T1C4F8 026:202.854 JLINK_IsHalted()
T1C4F8 026:203.350 - 0.496ms returns FALSE
T1C4F8 026:311.358 JLINK_IsHalted()
T1C4F8 026:311.908 - 0.549ms returns FALSE
T1C4F8 026:311.918 JLINK_IsHalted()
T1C4F8 026:312.464 - 0.545ms returns FALSE
T1C4F8 026:421.454 JLINK_IsHalted()
T1C4F8 026:422.006 - 0.550ms returns FALSE
T1C4F8 026:422.014 JLINK_IsHalted()
T1C4F8 026:422.566 - 0.551ms returns FALSE
T1C4F8 026:530.546 JLINK_IsHalted()
T1C4F8 026:531.102 - 0.556ms returns FALSE
T1C4F8 026:531.112 JLINK_IsHalted()
T1C4F8 026:531.778 - 0.664ms returns FALSE
T1C4F8 026:639.892 JLINK_IsHalted()
T1C4F8 026:640.444 - 0.552ms returns FALSE
T1C4F8 026:640.458 JLINK_IsHalted()
T1C4F8 026:640.950 - 0.493ms returns FALSE
T1C4F8 026:748.972 JLINK_IsHalted()
T1C4F8 026:749.592 - 0.620ms returns FALSE
T1C4F8 026:749.602 JLINK_IsHalted()
T1C4F8 026:750.198 - 0.594ms returns FALSE
T1C4F8 026:858.074 JLINK_IsHalted()
T1C4F8 026:858.780 - 0.707ms returns FALSE
T1C4F8 026:858.788 JLINK_IsHalted()
T1C4F8 026:859.340 - 0.553ms returns FALSE
T1C4F8 026:968.170 JLINK_IsHalted()
T1C4F8 026:968.788 - 0.616ms returns FALSE
T1C4F8 026:968.796 JLINK_IsHalted()
T1C4F8 026:969.312 - 0.513ms returns FALSE
T1E930 026:988.358 JLINK_IsHalted()
T1E930 026:988.980 - 0.619ms returns FALSE
T1E930 026:989.008 JLINK_IsHalted()
T1E930 026:989.580 - 0.573ms returns FALSE
T1C4F8 027:077.268 JLINK_IsHalted()
T1C4F8 027:078.028 - 0.766ms returns FALSE
T1C4F8 027:078.054 JLINK_IsHalted()
T1C4F8 027:078.608 - 0.555ms returns FALSE
T1C4F8 027:186.342 JLINK_IsHalted()
T1C4F8 027:186.976 - 0.633ms returns FALSE
T1C4F8 027:186.988 JLINK_IsHalted()
T1C4F8 027:187.574 - 0.586ms returns FALSE
T1C4F8 027:296.442 JLINK_IsHalted()
T1C4F8 027:297.084 - 0.644ms returns FALSE
T1C4F8 027:297.094 JLINK_IsHalted()
T1C4F8 027:297.780 - 0.684ms returns FALSE
T1C4F8 027:405.532 JLINK_IsHalted()
T1C4F8 027:406.076 - 0.542ms returns FALSE
T1C4F8 027:406.102 JLINK_IsHalted()
T1C4F8 027:406.700 - 0.598ms returns FALSE
T1C4F8 027:514.620 JLINK_IsHalted()
T1C4F8 027:515.236 - 0.612ms returns FALSE
T1C4F8 027:515.268 JLINK_IsHalted()
T1C4F8 027:515.840 - 0.572ms returns FALSE
T1C4F8 027:623.708 JLINK_IsHalted()
T1C4F8 027:624.362 - 0.653ms returns FALSE
T1C4F8 027:624.374 JLINK_IsHalted()
T1C4F8 027:624.960 - 0.587ms returns FALSE
T1C4F8 027:733.066 JLINK_IsHalted()
T1C4F8 027:733.606 - 0.540ms returns FALSE
T1C4F8 027:733.616 JLINK_IsHalted()
T1C4F8 027:734.118 - 0.503ms returns FALSE
T1C4F8 027:843.158 JLINK_IsHalted()
T1C4F8 027:843.786 - 0.627ms returns FALSE
T1C4F8 027:843.814 JLINK_IsHalted()
T1C4F8 027:844.368 - 0.553ms returns FALSE
T1C4F8 027:952.256 JLINK_IsHalted()
T1C4F8 027:952.848 - 0.590ms returns FALSE
T1C4F8 027:952.858 JLINK_IsHalted()
T1C4F8 027:953.456 - 0.598ms returns FALSE
T1E930 027:989.462 JLINK_IsHalted()
T1E930 027:990.102 - 0.641ms returns FALSE
T1E930 027:990.118 JLINK_IsHalted()
T1E930 027:990.700 - 0.581ms returns FALSE
T1C4F8 028:061.350 JLINK_IsHalted()
T1C4F8 028:061.968 - 0.618ms returns FALSE
T1C4F8 028:061.980 JLINK_IsHalted()
T1C4F8 028:062.580 - 0.597ms returns FALSE
T1C4F8 028:171.436 JLINK_IsHalted()
T1C4F8 028:172.000 - 0.565ms returns FALSE
T1C4F8 028:172.010 JLINK_IsHalted()
T1C4F8 028:172.502 - 0.490ms returns FALSE
T1C4F8 028:280.646 JLINK_IsHalted()
T1C4F8 028:281.242 - 0.593ms returns FALSE
T1C4F8 028:281.254 JLINK_IsHalted()
T1C4F8 028:281.830 - 0.575ms returns FALSE
T1C4F8 028:389.946 JLINK_IsHalted()
T1C4F8 028:390.612 - 0.665ms returns FALSE
T1C4F8 028:390.634 JLINK_IsHalted()
T1C4F8 028:391.222 - 0.588ms returns FALSE
T1C4F8 028:499.334 JLINK_IsHalted()
T1C4F8 028:499.892 - 0.559ms returns FALSE
T1C4F8 028:499.900 JLINK_IsHalted()
T1C4F8 028:500.452 - 0.549ms returns FALSE
T1C4F8 028:608.412 JLINK_IsHalted()
T1C4F8 028:609.092 - 0.677ms returns FALSE
T1C4F8 028:609.100 JLINK_IsHalted()
T1C4F8 028:609.692 - 0.590ms returns FALSE
T1C4F8 028:717.504 JLINK_IsHalted()
T1C4F8 028:718.080 - 0.574ms returns FALSE
T1C4F8 028:718.090 JLINK_IsHalted()
T1C4F8 028:718.592 - 0.501ms returns FALSE
T1C4F8 028:827.600 JLINK_IsHalted()
T1C4F8 028:828.230 - 0.629ms returns FALSE
T1C4F8 028:828.252 JLINK_IsHalted()
T1C4F8 028:828.826 - 0.572ms returns FALSE
T1C4F8 028:936.692 JLINK_IsHalted()
T1C4F8 028:937.348 - 0.655ms returns FALSE
T1C4F8 028:937.356 JLINK_IsHalted()
T1C4F8 028:937.894 - 0.536ms returns FALSE
T1E930 028:990.954 JLINK_IsHalted()
T1E930 028:991.600 - 0.643ms returns FALSE
T1E930 028:991.616 JLINK_IsHalted()
T1E930 028:992.218 - 0.601ms returns FALSE
T1C4F8 029:045.786 JLINK_IsHalted()
T1C4F8 029:046.396 - 0.609ms returns FALSE
T1C4F8 029:046.410 JLINK_IsHalted()
T1C4F8 029:046.960 - 0.547ms returns FALSE
T1C4F8 029:155.876 JLINK_IsHalted()
T1C4F8 029:156.492 - 0.618ms returns FALSE
T1C4F8 029:156.506 JLINK_IsHalted()
T1C4F8 029:157.194 - 0.688ms returns FALSE
T1C4F8 029:265.296 JLINK_IsHalted()
T1C4F8 029:265.862 - 0.565ms returns FALSE
T1C4F8 029:265.872 JLINK_IsHalted()
T1C4F8 029:266.460 - 0.589ms returns FALSE
T1C4F8 029:374.400 JLINK_IsHalted()
T1C4F8 029:374.980 - 0.579ms returns FALSE
T1C4F8 029:375.012 JLINK_IsHalted()
T1C4F8 029:375.596 - 0.586ms returns FALSE
T1C4F8 029:483.478 JLINK_IsHalted()
T1C4F8 029:484.096 - 0.615ms returns FALSE
T1C4F8 029:484.106 JLINK_IsHalted()
T1C4F8 029:484.784 - 0.678ms returns FALSE
T1C4F8 029:592.576 JLINK_IsHalted()
T1C4F8 029:593.242 - 0.665ms returns FALSE
T1C4F8 029:593.254 JLINK_IsHalted()
T1C4F8 029:593.840 - 0.585ms returns FALSE
T1C4F8 029:702.668 JLINK_IsHalted()
T1C4F8 029:703.296 - 0.626ms returns FALSE
T1C4F8 029:703.306 JLINK_IsHalted()
T1C4F8 029:703.840 - 0.535ms returns FALSE
T1C4F8 029:811.536 JLINK_IsHalted()
T1C4F8 029:812.236 - 0.699ms returns FALSE
T1C4F8 029:812.250 JLINK_IsHalted()
T1C4F8 029:812.876 - 0.625ms returns FALSE
T1C4F8 029:920.634 JLINK_IsHalted()
T1C4F8 029:921.232 - 0.600ms returns FALSE
T1C4F8 029:921.242 JLINK_IsHalted()
T1C4F8 029:921.824 - 0.581ms returns FALSE
T1E930 029:992.908 JLINK_IsHalted()
T1E930 029:993.664 - 0.755ms returns FALSE
T1E930 029:993.674 JLINK_IsHalted()
T1E930 029:994.346 - 0.670ms returns FALSE
T1C4F8 030:030.726 JLINK_IsHalted()
T1C4F8 030:031.372 - 0.646ms returns FALSE
T1C4F8 030:031.386 JLINK_IsHalted()
T1C4F8 030:031.942 - 0.556ms returns FALSE
T1C4F8 030:139.808 JLINK_IsHalted()
T1C4F8 030:140.374 - 0.567ms returns FALSE
T1C4F8 030:140.384 JLINK_IsHalted()
T1C4F8 030:140.960 - 0.573ms returns FALSE
T1C4F8 030:248.908 JLINK_IsHalted()
T1C4F8 030:249.510 - 0.602ms returns FALSE
T1C4F8 030:249.516 JLINK_IsHalted()
T1C4F8 030:250.074 - 0.554ms returns FALSE
T1C4F8 030:359.008 JLINK_IsHalted()
T1C4F8 030:359.572 - 0.563ms returns FALSE
T1C4F8 030:359.584 JLINK_IsHalted()
T1C4F8 030:360.202 - 0.618ms returns FALSE
T1C4F8 030:468.090 JLINK_IsHalted()
T1C4F8 030:468.784 - 0.694ms returns FALSE
T1C4F8 030:468.796 JLINK_IsHalted()
T1C4F8 030:469.392 - 0.595ms returns FALSE
T1C4F8 030:577.492 JLINK_IsHalted()
T1C4F8 030:578.092 - 0.602ms returns FALSE
T1C4F8 030:578.106 JLINK_IsHalted()
T1C4F8 030:578.704 - 0.597ms returns FALSE
T1C4F8 030:686.588 JLINK_IsHalted()
T1C4F8 030:687.232 - 0.644ms returns FALSE
T1C4F8 030:687.244 JLINK_IsHalted()
T1C4F8 030:687.788 - 0.543ms returns FALSE
T1C4F8 030:795.680 JLINK_IsHalted()
T1C4F8 030:796.250 - 0.571ms returns FALSE
T1C4F8 030:796.260 JLINK_IsHalted()
T1C4F8 030:796.826 - 0.567ms returns FALSE
T1C4F8 030:905.776 JLINK_IsHalted()
T1C4F8 030:906.346 - 0.571ms returns FALSE
T1C4F8 030:906.356 JLINK_IsHalted()
T1C4F8 030:906.948 - 0.592ms returns FALSE
T1E930 030:994.234 JLINK_IsHalted()
T1E930 030:994.854 - 0.622ms returns FALSE
T1E930 030:994.876 JLINK_IsHalted()
T1E930 030:995.468 - 0.591ms returns FALSE
T1C4F8 031:015.050 JLINK_IsHalted()
T1C4F8 031:015.788 - 0.738ms returns FALSE
T1C4F8 031:015.802 JLINK_IsHalted()
T1C4F8 031:016.336 - 0.534ms returns FALSE
T1C4F8 031:124.150 JLINK_IsHalted()
T1C4F8 031:124.714 - 0.564ms returns FALSE
T1C4F8 031:124.724 JLINK_IsHalted()
T1C4F8 031:125.348 - 0.623ms returns FALSE
T1C4F8 031:233.232 JLINK_IsHalted()
T1C4F8 031:233.844 - 0.610ms returns FALSE
T1C4F8 031:233.856 JLINK_IsHalted()
T1C4F8 031:234.470 - 0.614ms returns FALSE
T1C4F8 031:342.500 JLINK_IsHalted()
T1C4F8 031:343.068 - 0.569ms returns FALSE
T1C4F8 031:343.078 JLINK_IsHalted()
T1C4F8 031:343.642 - 0.560ms returns FALSE
T1C4F8 031:452.592 JLINK_IsHalted()
T1C4F8 031:453.196 - 0.605ms returns FALSE
T1C4F8 031:453.210 JLINK_IsHalted()
T1C4F8 031:453.786 - 0.574ms returns FALSE
T1C4F8 031:561.684 JLINK_IsHalted()
T1C4F8 031:562.372 - 0.688ms returns FALSE
T1C4F8 031:562.384 JLINK_IsHalted()
T1C4F8 031:562.960 - 0.576ms returns FALSE
T1C4F8 031:670.788 JLINK_IsHalted()
T1C4F8 031:671.338 - 0.550ms returns FALSE
T1C4F8 031:671.348 JLINK_IsHalted()
T1C4F8 031:671.952 - 0.605ms returns FALSE
T1C4F8 031:780.874 JLINK_IsHalted()
T1C4F8 031:781.482 - 0.608ms returns FALSE
T1C4F8 031:781.492 JLINK_IsHalted()
T1C4F8 031:782.084 - 0.592ms returns FALSE
T1C4F8 031:889.984 JLINK_IsHalted()
T1C4F8 031:890.618 - 0.635ms returns FALSE
T1C4F8 031:890.644 JLINK_IsHalted()
T1C4F8 031:891.226 - 0.582ms returns FALSE
T1E930 031:995.296 JLINK_IsHalted()
T1E930 031:995.872 - 0.574ms returns FALSE
T1E930 031:995.900 JLINK_IsHalted()
T1E930 031:996.470 - 0.572ms returns FALSE
T1C4F8 031:999.092 JLINK_IsHalted()
T1C4F8 031:999.786 - 0.694ms returns FALSE
T1C4F8 031:999.798 JLINK_IsHalted()
T1C4F8 032:000.336 - 0.538ms returns FALSE
T1C4F8 032:108.148 JLINK_IsHalted()
T1C4F8 032:108.784 - 0.637ms returns FALSE
T1C4F8 032:108.794 JLINK_IsHalted()
T1C4F8 032:109.334 - 0.540ms returns FALSE
T1C4F8 032:218.240 JLINK_IsHalted()
T1C4F8 032:218.858 - 0.619ms returns FALSE
T1C4F8 032:218.874 JLINK_IsHalted()
T1C4F8 032:219.466 - 0.592ms returns FALSE
T1C4F8 032:327.334 JLINK_IsHalted()
T1C4F8 032:327.984 - 0.651ms returns FALSE
T1C4F8 032:327.994 JLINK_IsHalted()
T1C4F8 032:328.592 - 0.596ms returns FALSE
T1C4F8 032:436.628 JLINK_IsHalted()
T1C4F8 032:437.226 - 0.600ms returns FALSE
T1C4F8 032:437.236 JLINK_IsHalted()
T1C4F8 032:437.830 - 0.592ms returns FALSE
T1C4F8 032:545.716 JLINK_IsHalted()
T1C4F8 032:546.348 - 0.633ms returns FALSE
T1C4F8 032:546.358 JLINK_IsHalted()
T1C4F8 032:546.864 - 0.505ms returns FALSE
T1C4F8 032:655.818 JLINK_IsHalted()
T1C4F8 032:656.384 - 0.568ms returns FALSE
T1C4F8 032:656.394 JLINK_IsHalted()
T1C4F8 032:656.928 - 0.534ms returns FALSE
T1C4F8 032:764.906 JLINK_IsHalted()
T1C4F8 032:765.492 - 0.585ms returns FALSE
T1C4F8 032:765.498 JLINK_IsHalted()
T1C4F8 032:766.004 - 0.502ms returns FALSE
T1C4F8 032:875.280 JLINK_IsHalted()
T1C4F8 032:875.850 - 0.569ms returns FALSE
T1C4F8 032:875.860 JLINK_IsHalted()
T1C4F8 032:876.480 - 0.618ms returns FALSE
T1C4F8 032:983.094 JLINK_IsHalted()
T1C4F8 032:983.788 - 0.693ms returns FALSE
T1C4F8 032:983.798 JLINK_IsHalted()
T1C4F8 032:984.340 - 0.540ms returns FALSE
T1E930 032:996.278 JLINK_IsHalted()
T1E930 032:996.820 - 0.543ms returns FALSE
T1E930 032:996.836 JLINK_IsHalted()
T1E930 032:997.382 - 0.547ms returns FALSE
T1C4F8 033:093.180 JLINK_IsHalted()
T1C4F8 033:093.916 - 0.736ms returns FALSE
T1C4F8 033:093.926 JLINK_IsHalted()
T1C4F8 033:094.464 - 0.537ms returns FALSE
T1C4F8 033:202.272 JLINK_IsHalted()
T1C4F8 033:202.832 - 0.560ms returns FALSE
T1C4F8 033:202.842 JLINK_IsHalted()
T1C4F8 033:203.332 - 0.489ms returns FALSE
T1C4F8 033:311.356 JLINK_IsHalted()
T1C4F8 033:311.932 - 0.573ms returns FALSE
T1C4F8 033:311.942 JLINK_IsHalted()
T1C4F8 033:312.508 - 0.566ms returns FALSE
T1C4F8 033:421.452 JLINK_IsHalted()
T1C4F8 033:422.108 - 0.655ms returns FALSE
T1C4F8 033:422.118 JLINK_IsHalted()
T1C4F8 033:422.604 - 0.486ms returns FALSE
T1C4F8 033:530.528 JLINK_IsHalted()
T1C4F8 033:531.092 - 0.564ms returns FALSE
T1C4F8 033:531.100 JLINK_IsHalted()
T1C4F8 033:531.644 - 0.543ms returns FALSE
T1C4F8 033:639.624 JLINK_IsHalted()
T1C4F8 033:640.216 - 0.587ms returns FALSE
T1C4F8 033:640.232 JLINK_IsHalted()
T1C4F8 033:640.824 - 0.592ms returns FALSE
T1C4F8 033:748.728 JLINK_IsHalted()
T1C4F8 033:749.288 - 0.559ms returns FALSE
T1C4F8 033:749.296 JLINK_IsHalted()
T1C4F8 033:749.816 - 0.518ms returns FALSE
T1C4F8 033:858.804 JLINK_IsHalted()
T1C4F8 033:859.368 - 0.564ms returns FALSE
T1C4F8 033:859.380 JLINK_IsHalted()
T1C4F8 033:859.960 - 0.578ms returns FALSE
T1C4F8 033:967.900 JLINK_IsHalted()
T1C4F8 033:968.508 - 0.607ms returns FALSE
T1C4F8 033:968.524 JLINK_IsHalted()
T1C4F8 033:969.192 - 0.669ms returns FALSE
T1E930 033:998.112 JLINK_IsHalted()
T1E930 033:998.788 - 0.677ms returns FALSE
T1E930 033:998.800 JLINK_IsHalted()
T1E930 033:999.348 - 0.546ms returns FALSE
T1C4F8 034:076.992 JLINK_IsHalted()
T1C4F8 034:077.616 - 0.625ms returns FALSE
T1C4F8 034:077.624 JLINK_IsHalted()
T1C4F8 034:078.196 - 0.569ms returns FALSE
T1C4F8 034:187.084 JLINK_IsHalted()
T1C4F8 034:187.792 - 0.709ms returns FALSE
T1C4F8 034:187.808 JLINK_IsHalted()
T1C4F8 034:188.344 - 0.533ms returns FALSE
T1C4F8 034:296.440 JLINK_IsHalted()
T1C4F8 034:297.108 - 0.667ms returns FALSE
T1C4F8 034:297.116 JLINK_IsHalted()
T1C4F8 034:297.624 - 0.508ms returns FALSE
T1C4F8 034:405.728 JLINK_IsHalted()
T1C4F8 034:406.344 - 0.614ms returns FALSE
T1C4F8 034:406.352 JLINK_IsHalted()
T1C4F8 034:406.852 - 0.496ms returns FALSE
T1C4F8 034:514.816 JLINK_IsHalted()
T1C4F8 034:515.480 - 0.665ms returns FALSE
T1C4F8 034:515.504 JLINK_IsHalted()
T1C4F8 034:516.088 - 0.586ms returns FALSE
T1C4F8 034:623.908 JLINK_IsHalted()
T1C4F8 034:624.472 - 0.567ms returns FALSE
T1C4F8 034:624.484 JLINK_IsHalted()
T1C4F8 034:624.968 - 0.483ms returns FALSE
T1C4F8 034:734.008 JLINK_IsHalted()
T1C4F8 034:734.600 - 0.594ms returns FALSE
T1C4F8 034:734.616 JLINK_IsHalted()
T1C4F8 034:735.200 - 0.585ms returns FALSE
T1C4F8 034:843.096 JLINK_IsHalted()
T1C4F8 034:843.788 - 0.691ms returns FALSE
T1C4F8 034:843.800 JLINK_IsHalted()
T1C4F8 034:844.340 - 0.540ms returns FALSE
T1C4F8 034:952.192 JLINK_IsHalted()
T1C4F8 034:952.848 - 0.658ms returns FALSE
T1C4F8 034:952.860 JLINK_IsHalted()
T1C4F8 034:953.416 - 0.551ms returns FALSE
T1E930 034:999.432 JLINK_IsHalted()
T1E930 035:000.020 - 0.588ms returns FALSE
T1E930 035:000.040 JLINK_IsHalted()
T1E930 035:000.584 - 0.547ms returns FALSE
T1C4F8 035:061.284 JLINK_IsHalted()
T1C4F8 035:061.904 - 0.620ms returns FALSE
T1C4F8 035:061.912 JLINK_IsHalted()
T1C4F8 035:062.416 - 0.502ms returns FALSE
T1C4F8 035:171.376 JLINK_IsHalted()
T1C4F8 035:171.988 - 0.611ms returns FALSE
T1C4F8 035:171.996 JLINK_IsHalted()
T1C4F8 035:172.572 - 0.576ms returns FALSE
T1C4F8 035:280.464 JLINK_IsHalted()
T1C4F8 035:281.100 - 0.636ms returns FALSE
T1C4F8 035:281.112 JLINK_IsHalted()
T1C4F8 035:281.784 - 0.674ms returns FALSE
T1C4F8 035:389.564 JLINK_IsHalted()
T1C4F8 035:390.224 - 0.659ms returns FALSE
T1C4F8 035:390.232 JLINK_IsHalted()
T1C4F8 035:390.788 - 0.551ms returns FALSE
T1C4F8 035:499.664 JLINK_IsHalted()
T1C4F8 035:500.244 - 0.579ms returns FALSE
T1C4F8 035:500.268 JLINK_IsHalted()
T1C4F8 035:500.836 - 0.566ms returns FALSE
T1C4F8 035:608.772 JLINK_IsHalted()
T1C4F8 035:609.352 - 0.582ms returns FALSE
T1C4F8 035:609.364 JLINK_IsHalted()
T1C4F8 035:609.960 - 0.593ms returns FALSE
T1C4F8 035:717.852 JLINK_IsHalted()
T1C4F8 035:718.488 - 0.633ms returns FALSE
T1C4F8 035:718.496 JLINK_IsHalted()
T1C4F8 035:719.080 - 0.586ms returns FALSE
T1C4F8 035:826.944 JLINK_IsHalted()
T1C4F8 035:827.616 - 0.671ms returns FALSE
T1C4F8 035:827.644 JLINK_IsHalted()
T1C4F8 035:828.192 - 0.546ms returns FALSE
T1C4F8 035:937.024 JLINK_IsHalted()
T1C4F8 035:937.624 - 0.602ms returns FALSE
T1C4F8 035:937.640 JLINK_IsHalted()
T1C4F8 035:938.200 - 0.558ms returns FALSE
T1E930 036:001.252 JLINK_IsHalted()
T1E930 036:001.808 - 0.555ms returns FALSE
T1E930 036:001.820 JLINK_IsHalted()
T1E930 036:002.380 - 0.556ms returns FALSE
T1C4F8 036:046.116 JLINK_IsHalted()
T1C4F8 036:046.668 - 0.552ms returns FALSE
T1C4F8 036:046.680 JLINK_IsHalted()
T1C4F8 036:047.220 - 0.541ms returns FALSE
T1C4F8 036:155.208 JLINK_IsHalted()
T1C4F8 036:155.788 - 0.584ms returns FALSE
T1C4F8 036:155.800 JLINK_IsHalted()
T1C4F8 036:156.340 - 0.538ms returns FALSE
T1C4F8 036:265.300 JLINK_IsHalted()
T1C4F8 036:265.864 - 0.561ms returns FALSE
T1C4F8 036:265.872 JLINK_IsHalted()
T1C4F8 036:266.464 - 0.592ms returns FALSE
T1BF18 036:889.976 JLINK_Halt()
T1BF18 036:896.304 - 6.328ms returns 0x00
T1BF18 036:896.328 JLINK_ReadReg(XPSR)
T1BF18 036:896.996   CPU_ReadMem(4 bytes @ 0xE000EE08)
T1BF18 036:897.600 - 1.270ms returns 0x21000000
T1BF18 036:902.980 JLINK_Close()
T1BF18 036:917.388 - 14.408ms
T1BF18 036:917.412   
T1BF18 036:917.416   Closed
